Tue 25 Mar 2025 09:09:11 INFO  
General Hyper Parameters:
gpu_id = 0
use_gpu = True
seed = 2022
state = INFO
reproducibility = True
data_path = dataset/
checkpoint_dir = saved
show_progress = True
save_dataset = False
dataset_save_path = None
save_dataloaders = False
dataloaders_save_path = None
log_wandb = False
config_file = /notebooks/BiTGCFBack.yaml

Training Hyper Parameters:
train_batch_size = 2048
learner = adam
learning_rate = 0.001
neg_sampling = {'uniform': 1}
eval_step = 1
stopping_step = 10
clip_grad_norm = None
weight_decay = 0.0
loss_decimal_place = 4
epochs = 20

Evaluation Hyper Parameters:
eval_args = {'split': {'RS': [0.6, 0.2, 0.2]}, 'split_valid': {'RS': [0.6, 0.2, 0.2]}, 'group_by': 'user', 'order': 'RO', 'mode': 'full'}
repeatable = False
metrics = ['Recall', 'NDCG', 'Hit', 'MRR']
topk = [20]
valid_metric = Recall@20
valid_metric_bigger = True
eval_batch_size = 2048
metric_decimal_place = 4

Dataset Hyper Parameters:
field_separator = 	
source_domain = {'dataset': 'Amazon-KG-5core-Movies_and_TV', 'data_path': '/notebooks/Amazon-KG-v2.0-dataset/Amazon-KG-5core-Movies_and_TV', 'seq_separator': ' ', 'USER_ID_FIELD': 'user_id', 'ITEM_ID_FIELD': 'item_id', 'RATING_FIELD': 'rating', 'TIME_FIELD': 'timestamp', 'NEG_PREFIX': 'neg_', 'LABEL_FIELD': 'label', 'load_col': {'inter': ['user_id', 'item_id', 'rating'], 'kg': ['head_id', 'relation_id', 'tail_id'], 'link': ['item_id', 'entity_id']}, 'user_inter_num_interval': '[5,inf)', 'item_inter_num_interval': '[5,inf)', 'val_interval': {'rating': '[0,inf)'}, 'drop_filter_field': True, 'HEAD_ENTITY_ID_FIELD': 'head_id', 'TAIL_ENTITY_ID_FIELD': 'tail_id', 'RELATION_ID_FIELD': 'relation_id', 'ENTITY_ID_FIELD': 'entity_id'}
target_domain = {'dataset': 'Amazon-KG-5core-Books', 'data_path': '/notebooks/Amazon-KG-v2.0-dataset/Amazon-KG-5core-Books', 'seq_separator': ',', 'USER_ID_FIELD': 'user_id', 'ITEM_ID_FIELD': 'item_id', 'RATING_FIELD': 'rating', 'TIME_FIELD': 'timestamp', 'NEG_PREFIX': 'neg_', 'LABEL_FIELD': 'label', 'load_col': {'inter': ['user_id', 'item_id', 'rating'], 'kg': ['head_id', 'relation_id', 'tail_id'], 'link': ['item_id', 'entity_id']}, 'user_inter_num_interval': '[5,inf)', 'item_inter_num_interval': '[5,inf)', 'val_interval': {'rating': '[0,inf)'}, 'drop_filter_field': True, 'HEAD_ENTITY_ID_FIELD': 'head_id', 'TAIL_ENTITY_ID_FIELD': 'tail_id', 'RELATION_ID_FIELD': 'relation_id', 'ENTITY_ID_FIELD': 'entity_id'}

Other Hyper Parameters: 
wandb_project = recbole_cdr
train_epochs = ['BOTH:20']
require_pow = False
embedding_size = 64
n_layers = 2
reg_weight = 0.001
lambda_source = 0.8
lambda_target = 0.8
connect_way = concat
drop_rate = 0.3
MODEL_TYPE = ModelType.CROSSDOMAIN
num_forward_layers = 2
num_backward_layers = 2
MODEL_INPUT_TYPE = InputType.POINTWISE
eval_type = EvaluatorType.RANKING
train_modes = ['BOTH']
epoch_num = ['20']
source_split = False
device = cuda
train_neg_sample_args = {'strategy': 'by', 'by': 1, 'distribution': 'uniform', 'dynamic': 'none'}
eval_neg_sample_args = {'strategy': 'full', 'distribution': 'uniform'}


Tue 25 Mar 2025 09:09:13 INFO  Source domain: Amazon-KG-5core-Movies_and_TV
The number of users: 4950
Average actions of users: 11.844210951707415
The number of items: 2630
Average actions of items: 22.296310384176493
The number of inters: 58617
The sparsity of the dataset: 99.54974075354303%
Remain Fields: ['source_user_id', 'source_item_id', 'source_rating']
Target domain: Amazon-KG-5core-Books
The number of users: 9416
Average actions of users: 10.893786510886883
The number of items: 4876
Average actions of items: 21.038974358974357
The number of inters: 102565
The sparsity of the dataset: 99.7766072689357%
Remain Fields: ['target_user_id', 'target_item_id', 'target_rating']
Num of overlapped user: 956
Num of overlapped item: 1
Tue 25 Mar 2025 09:09:14 INFO  [Training]: train_batch_size = [2048] negative sampling: [{'uniform': 1}]
Tue 25 Mar 2025 09:09:14 INFO  [Evaluation]: eval_batch_size = [2048] eval_args: [{'split': {'RS': [0.6, 0.2, 0.2]}, 'split_valid': {'RS': [0.6, 0.2, 0.2]}, 'group_by': 'user', 'order': 'RO', 'mode': 'full'}]
Tue 25 Mar 2025 09:09:16 INFO  BiTGCF(
  (source_user_embedding): Embedding(13410, 64)
  (target_user_embedding): Embedding(13410, 64)
  (source_item_embedding): Embedding(7505, 64)
  (target_item_embedding): Embedding(7505, 64)
  (dropout): Dropout(p=0.3, inplace=False)
  (loss): BCELoss()
  (sigmoid): Sigmoid()
  (reg_loss): EmbLoss()
)
Trainable parameters: 2677120
Tue 25 Mar 2025 09:09:16 INFO  Start training with BOTH mode
Tue 25 Mar 2025 09:09:17 INFO  epoch 0 training [time: 1.74s, train_loss1: 41.2164, train_loss2: 40.8973]
Tue 25 Mar 2025 09:09:52 INFO  epoch 0 evaluating [time: 34.22s, valid_score: 0.065400]
Tue 25 Mar 2025 09:09:52 INFO  valid result: 
recall@20 : 0.0654    ndcg@20 : 0.0298    hit@20 : 0.0965    mrr@20 : 0.025
Tue 25 Mar 2025 09:09:52 INFO  Saving current: saved/BiTGCF-Mar-25-2025_09-09-16.pth
Tue 25 Mar 2025 09:09:53 INFO  epoch 1 training [time: 1.74s, train_loss1: 37.8522, train_loss2: 38.1591]
Tue 25 Mar 2025 09:10:23 INFO  epoch 1 evaluating [time: 29.18s, valid_score: 0.103500]
Tue 25 Mar 2025 09:10:23 INFO  valid result: 
recall@20 : 0.1035    ndcg@20 : 0.0475    hit@20 : 0.1523    mrr@20 : 0.0403
Tue 25 Mar 2025 09:10:23 INFO  Saving current: saved/BiTGCF-Mar-25-2025_09-09-16.pth
Tue 25 Mar 2025 09:10:24 INFO  epoch 2 training [time: 1.64s, train_loss1: 36.6795, train_loss2: 37.0040]
Tue 25 Mar 2025 09:10:54 INFO  epoch 2 evaluating [time: 30.00s, valid_score: 0.118400]
Tue 25 Mar 2025 09:10:54 INFO  valid result: 
recall@20 : 0.1184    ndcg@20 : 0.0561    hit@20 : 0.175    mrr@20 : 0.0489
Tue 25 Mar 2025 09:10:54 INFO  Saving current: saved/BiTGCF-Mar-25-2025_09-09-16.pth
Tue 25 Mar 2025 09:10:56 INFO  epoch 3 training [time: 1.64s, train_loss1: 36.0318, train_loss2: 36.4012]
Tue 25 Mar 2025 09:11:20 INFO  epoch 3 evaluating [time: 24.13s, valid_score: 0.125500]
Tue 25 Mar 2025 09:11:20 INFO  valid result: 
recall@20 : 0.1255    ndcg@20 : 0.0606    hit@20 : 0.1865    mrr@20 : 0.0532
Tue 25 Mar 2025 09:11:20 INFO  Saving current: saved/BiTGCF-Mar-25-2025_09-09-16.pth
Tue 25 Mar 2025 09:11:22 INFO  epoch 4 training [time: 1.65s, train_loss1: 35.6554, train_loss2: 35.9646]
Tue 25 Mar 2025 09:11:48 INFO  epoch 4 evaluating [time: 25.69s, valid_score: 0.127700]
Tue 25 Mar 2025 09:11:48 INFO  valid result: 
recall@20 : 0.1277    ndcg@20 : 0.0622    hit@20 : 0.1904    mrr@20 : 0.0554
Tue 25 Mar 2025 09:11:48 INFO  Saving current: saved/BiTGCF-Mar-25-2025_09-09-16.pth
Tue 25 Mar 2025 09:11:49 INFO  epoch 5 training [time: 1.71s, train_loss1: 35.2813, train_loss2: 35.6637]
Tue 25 Mar 2025 09:12:27 INFO  epoch 5 evaluating [time: 37.64s, valid_score: 0.131700]
Tue 25 Mar 2025 09:12:27 INFO  valid result: 
recall@20 : 0.1317    ndcg@20 : 0.0636    hit@20 : 0.1958    mrr@20 : 0.0565
Tue 25 Mar 2025 09:12:27 INFO  Saving current: saved/BiTGCF-Mar-25-2025_09-09-16.pth
Tue 25 Mar 2025 09:12:29 INFO  epoch 6 training [time: 1.78s, train_loss1: 35.0177, train_loss2: 35.4866]
Tue 25 Mar 2025 09:13:03 INFO  epoch 6 evaluating [time: 33.93s, valid_score: 0.130400]
Tue 25 Mar 2025 09:13:03 INFO  valid result: 
recall@20 : 0.1304    ndcg@20 : 0.0624    hit@20 : 0.1948    mrr@20 : 0.0544
Tue 25 Mar 2025 09:13:04 INFO  epoch 7 training [time: 1.71s, train_loss1: 34.8116, train_loss2: 35.2587]
Tue 25 Mar 2025 09:13:33 INFO  epoch 7 evaluating [time: 28.24s, valid_score: 0.133200]
Tue 25 Mar 2025 09:13:33 INFO  valid result: 
recall@20 : 0.1332    ndcg@20 : 0.0629    hit@20 : 0.1988    mrr@20 : 0.0541
Tue 25 Mar 2025 09:13:33 INFO  Saving current: saved/BiTGCF-Mar-25-2025_09-09-16.pth
Tue 25 Mar 2025 09:13:35 INFO  epoch 8 training [time: 1.76s, train_loss1: 34.6970, train_loss2: 35.1436]
Tue 25 Mar 2025 09:14:12 INFO  epoch 8 evaluating [time: 37.22s, valid_score: 0.134300]
Tue 25 Mar 2025 09:14:12 INFO  valid result: 
recall@20 : 0.1343    ndcg@20 : 0.0637    hit@20 : 0.1992    mrr@20 : 0.0548
Tue 25 Mar 2025 09:14:12 INFO  Saving current: saved/BiTGCF-Mar-25-2025_09-09-16.pth
Tue 25 Mar 2025 09:14:14 INFO  epoch 9 training [time: 1.69s, train_loss1: 34.5408, train_loss2: 34.9686]
Tue 25 Mar 2025 09:14:39 INFO  epoch 9 evaluating [time: 25.17s, valid_score: 0.135900]
Tue 25 Mar 2025 09:14:39 INFO  valid result: 
recall@20 : 0.1359    ndcg@20 : 0.0635    hit@20 : 0.201    mrr@20 : 0.054
Tue 25 Mar 2025 09:14:39 INFO  Saving current: saved/BiTGCF-Mar-25-2025_09-09-16.pth
Tue 25 Mar 2025 09:14:40 INFO  epoch 10 training [time: 1.62s, train_loss1: 34.3187, train_loss2: 34.8818]
Tue 25 Mar 2025 09:15:09 INFO  epoch 10 evaluating [time: 28.67s, valid_score: 0.137300]
Tue 25 Mar 2025 09:15:09 INFO  valid result: 
recall@20 : 0.1373    ndcg@20 : 0.0646    hit@20 : 0.2029    mrr@20 : 0.0554
Tue 25 Mar 2025 09:15:09 INFO  Saving current: saved/BiTGCF-Mar-25-2025_09-09-16.pth
Tue 25 Mar 2025 09:15:11 INFO  epoch 11 training [time: 1.69s, train_loss1: 34.2341, train_loss2: 34.7745]
Tue 25 Mar 2025 09:15:48 INFO  epoch 11 evaluating [time: 37.23s, valid_score: 0.134800]
Tue 25 Mar 2025 09:15:48 INFO  valid result: 
recall@20 : 0.1348    ndcg@20 : 0.0642    hit@20 : 0.1999    mrr@20 : 0.0553
Tue 25 Mar 2025 09:15:50 INFO  epoch 12 training [time: 1.75s, train_loss1: 34.1375, train_loss2: 34.6716]
Tue 25 Mar 2025 09:16:22 INFO  epoch 12 evaluating [time: 32.61s, valid_score: 0.137500]
Tue 25 Mar 2025 09:16:22 INFO  valid result: 
recall@20 : 0.1375    ndcg@20 : 0.0647    hit@20 : 0.203    mrr@20 : 0.0555
Tue 25 Mar 2025 09:16:22 INFO  Saving current: saved/BiTGCF-Mar-25-2025_09-09-16.pth
Tue 25 Mar 2025 09:16:24 INFO  epoch 13 training [time: 1.69s, train_loss1: 34.0585, train_loss2: 34.5863]
Tue 25 Mar 2025 09:16:54 INFO  epoch 13 evaluating [time: 29.84s, valid_score: 0.137600]
Tue 25 Mar 2025 09:16:54 INFO  valid result: 
recall@20 : 0.1376    ndcg@20 : 0.0652    hit@20 : 0.2033    mrr@20 : 0.056
Tue 25 Mar 2025 09:16:54 INFO  Saving current: saved/BiTGCF-Mar-25-2025_09-09-16.pth
Tue 25 Mar 2025 09:16:56 INFO  epoch 14 training [time: 1.64s, train_loss1: 33.9635, train_loss2: 34.4405]
Tue 25 Mar 2025 09:17:32 INFO  epoch 14 evaluating [time: 36.34s, valid_score: 0.140500]
Tue 25 Mar 2025 09:17:32 INFO  valid result: 
recall@20 : 0.1405    ndcg@20 : 0.0665    hit@20 : 0.2058    mrr@20 : 0.057
Tue 25 Mar 2025 09:17:32 INFO  Saving current: saved/BiTGCF-Mar-25-2025_09-09-16.pth
Tue 25 Mar 2025 09:17:34 INFO  epoch 15 training [time: 1.75s, train_loss1: 33.8540, train_loss2: 34.3961]
Tue 25 Mar 2025 09:18:05 INFO  epoch 15 evaluating [time: 31.04s, valid_score: 0.140700]
Tue 25 Mar 2025 09:18:05 INFO  valid result: 
recall@20 : 0.1407    ndcg@20 : 0.0663    hit@20 : 0.2085    mrr@20 : 0.0569
Tue 25 Mar 2025 09:18:05 INFO  Saving current: saved/BiTGCF-Mar-25-2025_09-09-16.pth
Tue 25 Mar 2025 09:18:07 INFO  epoch 16 training [time: 1.71s, train_loss1: 33.7665, train_loss2: 34.3030]
Tue 25 Mar 2025 09:18:36 INFO  epoch 16 evaluating [time: 29.09s, valid_score: 0.142100]
Tue 25 Mar 2025 09:18:36 INFO  valid result: 
recall@20 : 0.1421    ndcg@20 : 0.0672    hit@20 : 0.21    mrr@20 : 0.0576
Tue 25 Mar 2025 09:18:36 INFO  Saving current: saved/BiTGCF-Mar-25-2025_09-09-16.pth
Tue 25 Mar 2025 09:18:38 INFO  epoch 17 training [time: 1.62s, train_loss1: 33.6703, train_loss2: 34.2412]
Tue 25 Mar 2025 09:19:04 INFO  epoch 17 evaluating [time: 26.23s, valid_score: 0.144800]
Tue 25 Mar 2025 09:19:04 INFO  valid result: 
recall@20 : 0.1448    ndcg@20 : 0.0674    hit@20 : 0.2127    mrr@20 : 0.0577
Tue 25 Mar 2025 09:19:04 INFO  Saving current: saved/BiTGCF-Mar-25-2025_09-09-16.pth
Tue 25 Mar 2025 09:19:06 INFO  epoch 18 training [time: 1.68s, train_loss1: 33.6032, train_loss2: 34.2086]
Tue 25 Mar 2025 09:19:31 INFO  epoch 18 evaluating [time: 25.78s, valid_score: 0.144100]
Tue 25 Mar 2025 09:19:31 INFO  valid result: 
recall@20 : 0.1441    ndcg@20 : 0.0676    hit@20 : 0.2114    mrr@20 : 0.058
Tue 25 Mar 2025 09:19:33 INFO  epoch 19 training [time: 1.74s, train_loss1: 33.5393, train_loss2: 34.0886]
Tue 25 Mar 2025 09:20:02 INFO  epoch 19 evaluating [time: 29.16s, valid_score: 0.147900]
Tue 25 Mar 2025 09:20:02 INFO  valid result: 
recall@20 : 0.1479    ndcg@20 : 0.07    hit@20 : 0.2172    mrr@20 : 0.0602
Tue 25 Mar 2025 09:20:02 INFO  Saving current: saved/BiTGCF-Mar-25-2025_09-09-16.pth
Tue 25 Mar 2025 09:20:02 INFO  Loading model structure and parameters from saved/BiTGCF-Mar-25-2025_09-09-16.pth
Tue 25 Mar 2025 09:20:33 INFO  best valid : OrderedDict([('recall@20', 0.1479), ('ndcg@20', 0.07), ('hit@20', 0.2172), ('mrr@20', 0.0602)])
Tue 25 Mar 2025 09:20:33 INFO  test result: OrderedDict([('recall@20', 0.1496), ('ndcg@20', 0.0716), ('hit@20', 0.2147), ('mrr@20', 0.0624)])
