Tue 25 Mar 2025 08:10:56 INFO  
General Hyper Parameters:
gpu_id = 0
use_gpu = True
seed = 2022
state = INFO
reproducibility = True
data_path = dataset/
checkpoint_dir = saved
show_progress = True
save_dataset = False
dataset_save_path = None
save_dataloaders = False
dataloaders_save_path = None
log_wandb = False
config_file = /notebooks/BiTGCF.yaml

Training Hyper Parameters:
train_batch_size = 2048
learner = adam
learning_rate = 0.001
neg_sampling = {'uniform': 1}
eval_step = 1
stopping_step = 10
clip_grad_norm = None
weight_decay = 0.0
loss_decimal_place = 4
epochs = 300

Evaluation Hyper Parameters:
eval_args = {'split': {'RS': [0.6, 0.2, 0.2]}, 'split_valid': {'RS': [0.6, 0.2, 0.2]}, 'group_by': 'user', 'order': 'RO', 'mode': 'full'}
repeatable = False
metrics = ['Recall', 'NDCG', 'Hit', 'MRR']
topk = [20]
valid_metric = Recall@20
valid_metric_bigger = True
eval_batch_size = 2048
metric_decimal_place = 4

Dataset Hyper Parameters:
field_separator = 	
source_domain = {'dataset': 'Amazon-KG-5core-Books', 'data_path': '/notebooks/Amazon-KG-v2.0-dataset/Amazon-KG-5core-Books', 'seq_separator': ' ', 'USER_ID_FIELD': 'user_id', 'ITEM_ID_FIELD': 'item_id', 'RATING_FIELD': 'rating', 'TIME_FIELD': 'timestamp', 'NEG_PREFIX': 'neg_', 'LABEL_FIELD': 'label', 'load_col': {'inter': ['user_id', 'item_id', 'rating'], 'kg': ['head_id', 'relation_id', 'tail_id'], 'link': ['item_id', 'entity_id']}, 'user_inter_num_interval': '[5,inf)', 'item_inter_num_interval': '[5,inf)', 'val_interval': {'rating': '[0,inf)'}, 'drop_filter_field': True, 'HEAD_ENTITY_ID_FIELD': 'head_id', 'TAIL_ENTITY_ID_FIELD': 'tail_id', 'RELATION_ID_FIELD': 'relation_id', 'ENTITY_ID_FIELD': 'entity_id'}
target_domain = {'dataset': 'Amazon-KG-5core-Movies_and_TV', 'data_path': '/notebooks/Amazon-KG-v2.0-dataset/Amazon-KG-5core-Movies_and_TV', 'seq_separator': ',', 'USER_ID_FIELD': 'user_id', 'ITEM_ID_FIELD': 'item_id', 'RATING_FIELD': 'rating', 'TIME_FIELD': 'timestamp', 'NEG_PREFIX': 'neg_', 'LABEL_FIELD': 'label', 'load_col': {'inter': ['user_id', 'item_id', 'rating'], 'kg': ['head_id', 'relation_id', 'tail_id'], 'link': ['item_id', 'entity_id']}, 'user_inter_num_interval': '[5,inf)', 'item_inter_num_interval': '[5,inf)', 'val_interval': {'rating': '[0,inf)'}, 'drop_filter_field': True, 'HEAD_ENTITY_ID_FIELD': 'head_id', 'TAIL_ENTITY_ID_FIELD': 'tail_id', 'RELATION_ID_FIELD': 'relation_id', 'ENTITY_ID_FIELD': 'entity_id'}

Other Hyper Parameters: 
wandb_project = recbole_cdr
train_epochs = ['BOTH:300']
require_pow = False
embedding_size = 64
n_layers = 2
reg_weight = 0.001
lambda_source = 0.8
lambda_target = 0.8
connect_way = concat
drop_rate = 0.3
MODEL_TYPE = ModelType.CROSSDOMAIN
train_epoch = 30
num_forward_layers = 2
num_backward_layers = 2
MODEL_INPUT_TYPE = InputType.POINTWISE
eval_type = EvaluatorType.RANKING
train_modes = ['BOTH']
epoch_num = ['300']
source_split = False
device = cuda
train_neg_sample_args = {'strategy': 'by', 'by': 1, 'distribution': 'uniform', 'dynamic': 'none'}
eval_neg_sample_args = {'strategy': 'full', 'distribution': 'uniform'}


Tue 25 Mar 2025 08:10:58 INFO  Source domain: Amazon-KG-5core-Books
The number of users: 9416
Average actions of users: 10.893786510886883
The number of items: 4876
Average actions of items: 21.038974358974357
The number of inters: 102565
The sparsity of the dataset: 99.7766072689357%
Remain Fields: ['source_user_id', 'source_item_id', 'source_rating']
Target domain: Amazon-KG-5core-Movies_and_TV
The number of users: 4950
Average actions of users: 11.844210951707415
The number of items: 2630
Average actions of items: 22.296310384176493
The number of inters: 58617
The sparsity of the dataset: 99.54974075354303%
Remain Fields: ['target_user_id', 'target_item_id', 'target_rating']
Num of overlapped user: 956
Num of overlapped item: 1
Tue 25 Mar 2025 08:10:58 INFO  [Training]: train_batch_size = [2048] negative sampling: [{'uniform': 1}]
Tue 25 Mar 2025 08:10:58 INFO  [Evaluation]: eval_batch_size = [2048] eval_args: [{'split': {'RS': [0.6, 0.2, 0.2]}, 'split_valid': {'RS': [0.6, 0.2, 0.2]}, 'group_by': 'user', 'order': 'RO', 'mode': 'full'}]
Tue 25 Mar 2025 08:11:00 INFO  BiTGCF(
  (source_user_embedding): Embedding(13410, 64)
  (target_user_embedding): Embedding(13410, 64)
  (source_item_embedding): Embedding(7505, 64)
  (target_item_embedding): Embedding(7505, 64)
  (dropout): Dropout(p=0.3, inplace=False)
  (loss): BCELoss()
  (sigmoid): Sigmoid()
  (reg_loss): EmbLoss()
)
Trainable parameters: 2677120
Tue 25 Mar 2025 08:11:00 INFO  Start training with BOTH mode
Tue 25 Mar 2025 08:11:01 INFO  epoch 0 training [time: 1.01s, train_loss1: 23.7689, train_loss2: 23.4051]
Tue 25 Mar 2025 08:11:18 INFO  epoch 0 evaluating [time: 17.27s, valid_score: 0.048300]
Tue 25 Mar 2025 08:11:18 INFO  valid result: 
recall@20 : 0.0483    ndcg@20 : 0.0222    hit@20 : 0.0927    mrr@20 : 0.0217
Tue 25 Mar 2025 08:11:18 INFO  Saving current: saved/BiTGCF-Mar-25-2025_08-11-00.pth
Tue 25 Mar 2025 08:11:19 INFO  epoch 1 training [time: 1.02s, train_loss1: 22.5047, train_loss2: 21.8459]
Tue 25 Mar 2025 08:11:37 INFO  epoch 1 evaluating [time: 17.73s, valid_score: 0.094900]
Tue 25 Mar 2025 08:11:37 INFO  valid result: 
recall@20 : 0.0949    ndcg@20 : 0.0428    hit@20 : 0.1572    mrr@20 : 0.0383
Tue 25 Mar 2025 08:11:37 INFO  Saving current: saved/BiTGCF-Mar-25-2025_08-11-00.pth
Tue 25 Mar 2025 08:11:38 INFO  epoch 2 training [time: 1.02s, train_loss1: 21.7260, train_loss2: 21.0204]
Tue 25 Mar 2025 08:11:55 INFO  epoch 2 evaluating [time: 16.78s, valid_score: 0.112700]
Tue 25 Mar 2025 08:11:55 INFO  valid result: 
recall@20 : 0.1127    ndcg@20 : 0.0497    hit@20 : 0.1804    mrr@20 : 0.0437
Tue 25 Mar 2025 08:11:55 INFO  Saving current: saved/BiTGCF-Mar-25-2025_08-11-00.pth
Tue 25 Mar 2025 08:11:56 INFO  epoch 3 training [time: 1.02s, train_loss1: 21.2857, train_loss2: 20.5656]
Tue 25 Mar 2025 08:12:10 INFO  epoch 3 evaluating [time: 13.58s, valid_score: 0.121300]
Tue 25 Mar 2025 08:12:10 INFO  valid result: 
recall@20 : 0.1213    ndcg@20 : 0.0541    hit@20 : 0.1907    mrr@20 : 0.0478
Tue 25 Mar 2025 08:12:10 INFO  Saving current: saved/BiTGCF-Mar-25-2025_08-11-00.pth
Tue 25 Mar 2025 08:12:11 INFO  epoch 4 training [time: 0.98s, train_loss1: 20.9823, train_loss2: 20.2493]
Tue 25 Mar 2025 08:12:26 INFO  epoch 4 evaluating [time: 15.18s, valid_score: 0.123900]
Tue 25 Mar 2025 08:12:26 INFO  valid result: 
recall@20 : 0.1239    ndcg@20 : 0.0562    hit@20 : 0.1946    mrr@20 : 0.0494
Tue 25 Mar 2025 08:12:26 INFO  Saving current: saved/BiTGCF-Mar-25-2025_08-11-00.pth
Tue 25 Mar 2025 08:12:27 INFO  epoch 5 training [time: 0.98s, train_loss1: 20.7395, train_loss2: 20.0381]
Tue 25 Mar 2025 08:12:44 INFO  epoch 5 evaluating [time: 17.19s, valid_score: 0.128300]
Tue 25 Mar 2025 08:12:44 INFO  valid result: 
recall@20 : 0.1283    ndcg@20 : 0.0583    hit@20 : 0.2015    mrr@20 : 0.051
Tue 25 Mar 2025 08:12:44 INFO  Saving current: saved/BiTGCF-Mar-25-2025_08-11-00.pth
Tue 25 Mar 2025 08:12:45 INFO  epoch 6 training [time: 1.03s, train_loss1: 20.6237, train_loss2: 19.8821]
Tue 25 Mar 2025 08:12:59 INFO  epoch 6 evaluating [time: 13.67s, valid_score: 0.129400]
Tue 25 Mar 2025 08:12:59 INFO  valid result: 
recall@20 : 0.1294    ndcg@20 : 0.0592    hit@20 : 0.2039    mrr@20 : 0.0513
Tue 25 Mar 2025 08:12:59 INFO  Saving current: saved/BiTGCF-Mar-25-2025_08-11-00.pth
Tue 25 Mar 2025 08:13:00 INFO  epoch 7 training [time: 0.99s, train_loss1: 20.4768, train_loss2: 19.7369]
Tue 25 Mar 2025 08:13:10 INFO  epoch 7 evaluating [time: 9.87s, valid_score: 0.129700]
Tue 25 Mar 2025 08:13:10 INFO  valid result: 
recall@20 : 0.1297    ndcg@20 : 0.0602    hit@20 : 0.2059    mrr@20 : 0.0532
Tue 25 Mar 2025 08:13:10 INFO  Saving current: saved/BiTGCF-Mar-25-2025_08-11-00.pth
Tue 25 Mar 2025 08:13:11 INFO  epoch 8 training [time: 0.96s, train_loss1: 20.3934, train_loss2: 19.6313]
Tue 25 Mar 2025 08:13:28 INFO  epoch 8 evaluating [time: 16.72s, valid_score: 0.131600]
Tue 25 Mar 2025 08:13:28 INFO  valid result: 
recall@20 : 0.1316    ndcg@20 : 0.0609    hit@20 : 0.2081    mrr@20 : 0.0533
Tue 25 Mar 2025 08:13:28 INFO  Saving current: saved/BiTGCF-Mar-25-2025_08-11-00.pth
Tue 25 Mar 2025 08:13:29 INFO  epoch 9 training [time: 1.04s, train_loss1: 20.2961, train_loss2: 19.5012]
Tue 25 Mar 2025 08:13:42 INFO  epoch 9 evaluating [time: 13.67s, valid_score: 0.131400]
Tue 25 Mar 2025 08:13:42 INFO  valid result: 
recall@20 : 0.1314    ndcg@20 : 0.0625    hit@20 : 0.2065    mrr@20 : 0.0555
Tue 25 Mar 2025 08:13:43 INFO  epoch 10 training [time: 0.95s, train_loss1: 20.2409, train_loss2: 19.4086]
Tue 25 Mar 2025 08:13:56 INFO  epoch 10 evaluating [time: 12.56s, valid_score: 0.134900]
Tue 25 Mar 2025 08:13:56 INFO  valid result: 
recall@20 : 0.1349    ndcg@20 : 0.0634    hit@20 : 0.2116    mrr@20 : 0.0556
Tue 25 Mar 2025 08:13:56 INFO  Saving current: saved/BiTGCF-Mar-25-2025_08-11-00.pth
Tue 25 Mar 2025 08:13:57 INFO  epoch 11 training [time: 1.03s, train_loss1: 20.1858, train_loss2: 19.3272]
Tue 25 Mar 2025 08:14:14 INFO  epoch 11 evaluating [time: 16.43s, valid_score: 0.136700]
Tue 25 Mar 2025 08:14:14 INFO  valid result: 
recall@20 : 0.1367    ndcg@20 : 0.0638    hit@20 : 0.215    mrr@20 : 0.0569
Tue 25 Mar 2025 08:14:14 INFO  Saving current: saved/BiTGCF-Mar-25-2025_08-11-00.pth
Tue 25 Mar 2025 08:14:15 INFO  epoch 12 training [time: 1.03s, train_loss1: 20.1309, train_loss2: 19.2639]
Tue 25 Mar 2025 08:14:27 INFO  epoch 12 evaluating [time: 12.11s, valid_score: 0.137000]
Tue 25 Mar 2025 08:14:27 INFO  valid result: 
recall@20 : 0.137    ndcg@20 : 0.0642    hit@20 : 0.2148    mrr@20 : 0.0574
Tue 25 Mar 2025 08:14:27 INFO  Saving current: saved/BiTGCF-Mar-25-2025_08-11-00.pth
Tue 25 Mar 2025 08:14:28 INFO  epoch 13 training [time: 0.98s, train_loss1: 20.0388, train_loss2: 19.2081]
Tue 25 Mar 2025 08:14:37 INFO  epoch 13 evaluating [time: 9.60s, valid_score: 0.141300]
Tue 25 Mar 2025 08:14:37 INFO  valid result: 
recall@20 : 0.1413    ndcg@20 : 0.065    hit@20 : 0.2192    mrr@20 : 0.0572
Tue 25 Mar 2025 08:14:37 INFO  Saving current: saved/BiTGCF-Mar-25-2025_08-11-00.pth
Tue 25 Mar 2025 08:14:38 INFO  epoch 14 training [time: 0.97s, train_loss1: 19.9560, train_loss2: 19.1904]
Tue 25 Mar 2025 08:14:47 INFO  epoch 14 evaluating [time: 9.04s, valid_score: 0.139300]
Tue 25 Mar 2025 08:14:47 INFO  valid result: 
recall@20 : 0.1393    ndcg@20 : 0.0647    hit@20 : 0.2176    mrr@20 : 0.0566
Tue 25 Mar 2025 08:14:48 INFO  epoch 15 training [time: 0.95s, train_loss1: 19.9166, train_loss2: 19.1239]
Tue 25 Mar 2025 08:15:06 INFO  epoch 15 evaluating [time: 17.68s, valid_score: 0.144800]
Tue 25 Mar 2025 08:15:06 INFO  valid result: 
recall@20 : 0.1448    ndcg@20 : 0.0664    hit@20 : 0.2231    mrr@20 : 0.0576
Tue 25 Mar 2025 08:15:06 INFO  Saving current: saved/BiTGCF-Mar-25-2025_08-11-00.pth
Tue 25 Mar 2025 08:15:07 INFO  epoch 16 training [time: 1.03s, train_loss1: 19.9302, train_loss2: 19.0810]
Tue 25 Mar 2025 08:15:20 INFO  epoch 16 evaluating [time: 12.50s, valid_score: 0.139700]
Tue 25 Mar 2025 08:15:20 INFO  valid result: 
recall@20 : 0.1397    ndcg@20 : 0.0662    hit@20 : 0.2186    mrr@20 : 0.0591
Tue 25 Mar 2025 08:15:21 INFO  epoch 17 training [time: 0.97s, train_loss1: 19.8742, train_loss2: 19.0382]
Tue 25 Mar 2025 08:15:35 INFO  epoch 17 evaluating [time: 14.20s, valid_score: 0.144000]
Tue 25 Mar 2025 08:15:35 INFO  valid result: 
recall@20 : 0.144    ndcg@20 : 0.0675    hit@20 : 0.2231    mrr@20 : 0.06
Tue 25 Mar 2025 08:15:36 INFO  epoch 18 training [time: 1.01s, train_loss1: 19.8393, train_loss2: 18.9213]
Tue 25 Mar 2025 08:15:47 INFO  epoch 18 evaluating [time: 11.53s, valid_score: 0.145900]
Tue 25 Mar 2025 08:15:47 INFO  valid result: 
recall@20 : 0.1459    ndcg@20 : 0.0682    hit@20 : 0.2267    mrr@20 : 0.0601
Tue 25 Mar 2025 08:15:47 INFO  Saving current: saved/BiTGCF-Mar-25-2025_08-11-00.pth
Tue 25 Mar 2025 08:15:48 INFO  epoch 19 training [time: 0.97s, train_loss1: 19.7848, train_loss2: 18.9313]
Tue 25 Mar 2025 08:16:03 INFO  epoch 19 evaluating [time: 14.39s, valid_score: 0.144400]
Tue 25 Mar 2025 08:16:03 INFO  valid result: 
recall@20 : 0.1444    ndcg@20 : 0.0684    hit@20 : 0.2251    mrr@20 : 0.061
Tue 25 Mar 2025 08:16:04 INFO  epoch 20 training [time: 1.01s, train_loss1: 19.7776, train_loss2: 18.8660]
Tue 25 Mar 2025 08:16:19 INFO  epoch 20 evaluating [time: 14.93s, valid_score: 0.145800]
Tue 25 Mar 2025 08:16:19 INFO  valid result: 
recall@20 : 0.1458    ndcg@20 : 0.0688    hit@20 : 0.2265    mrr@20 : 0.0615
Tue 25 Mar 2025 08:16:20 INFO  epoch 21 training [time: 0.97s, train_loss1: 19.7631, train_loss2: 18.8806]
Tue 25 Mar 2025 08:16:31 INFO  epoch 21 evaluating [time: 11.11s, valid_score: 0.148000]
Tue 25 Mar 2025 08:16:31 INFO  valid result: 
recall@20 : 0.148    ndcg@20 : 0.0702    hit@20 : 0.2283    mrr@20 : 0.0633
Tue 25 Mar 2025 08:16:31 INFO  Saving current: saved/BiTGCF-Mar-25-2025_08-11-00.pth
Tue 25 Mar 2025 08:16:32 INFO  epoch 22 training [time: 1.00s, train_loss1: 19.7454, train_loss2: 18.8459]
Tue 25 Mar 2025 08:16:49 INFO  epoch 22 evaluating [time: 17.51s, valid_score: 0.145500]
Tue 25 Mar 2025 08:16:49 INFO  valid result: 
recall@20 : 0.1455    ndcg@20 : 0.0696    hit@20 : 0.2251    mrr@20 : 0.0633
Tue 25 Mar 2025 08:16:51 INFO  epoch 23 training [time: 1.04s, train_loss1: 19.7021, train_loss2: 18.8158]
Tue 25 Mar 2025 08:17:08 INFO  epoch 23 evaluating [time: 17.95s, valid_score: 0.146500]
Tue 25 Mar 2025 08:17:08 INFO  valid result: 
recall@20 : 0.1465    ndcg@20 : 0.0704    hit@20 : 0.2257    mrr@20 : 0.064
Tue 25 Mar 2025 08:17:09 INFO  epoch 24 training [time: 1.02s, train_loss1: 19.6825, train_loss2: 18.8124]
Tue 25 Mar 2025 08:17:26 INFO  epoch 24 evaluating [time: 16.65s, valid_score: 0.149000]
Tue 25 Mar 2025 08:17:26 INFO  valid result: 
recall@20 : 0.149    ndcg@20 : 0.0709    hit@20 : 0.2287    mrr@20 : 0.0634
Tue 25 Mar 2025 08:17:26 INFO  Saving current: saved/BiTGCF-Mar-25-2025_08-11-00.pth
Tue 25 Mar 2025 08:17:27 INFO  epoch 25 training [time: 1.05s, train_loss1: 19.6609, train_loss2: 18.7606]
Tue 25 Mar 2025 08:17:45 INFO  epoch 25 evaluating [time: 17.65s, valid_score: 0.145900]
Tue 25 Mar 2025 08:17:45 INFO  valid result: 
recall@20 : 0.1459    ndcg@20 : 0.0707    hit@20 : 0.2277    mrr@20 : 0.0642
Tue 25 Mar 2025 08:17:46 INFO  epoch 26 training [time: 1.10s, train_loss1: 19.6081, train_loss2: 18.7631]
Tue 25 Mar 2025 08:18:03 INFO  epoch 26 evaluating [time: 17.29s, valid_score: 0.148000]
Tue 25 Mar 2025 08:18:03 INFO  valid result: 
recall@20 : 0.148    ndcg@20 : 0.0718    hit@20 : 0.2303    mrr@20 : 0.0661
Tue 25 Mar 2025 08:18:04 INFO  epoch 27 training [time: 1.05s, train_loss1: 19.6086, train_loss2: 18.7376]
Tue 25 Mar 2025 08:18:15 INFO  epoch 27 evaluating [time: 10.14s, valid_score: 0.148700]
Tue 25 Mar 2025 08:18:15 INFO  valid result: 
recall@20 : 0.1487    ndcg@20 : 0.0717    hit@20 : 0.2303    mrr@20 : 0.0656
Tue 25 Mar 2025 08:18:16 INFO  epoch 28 training [time: 1.01s, train_loss1: 19.5389, train_loss2: 18.6864]
Tue 25 Mar 2025 08:18:28 INFO  epoch 28 evaluating [time: 12.06s, valid_score: 0.148400]
Tue 25 Mar 2025 08:18:28 INFO  valid result: 
recall@20 : 0.1484    ndcg@20 : 0.0721    hit@20 : 0.2312    mrr@20 : 0.0668
Tue 25 Mar 2025 08:18:29 INFO  epoch 29 training [time: 0.95s, train_loss1: 19.4753, train_loss2: 18.6430]
Tue 25 Mar 2025 08:18:39 INFO  epoch 29 evaluating [time: 10.28s, valid_score: 0.151300]
Tue 25 Mar 2025 08:18:39 INFO  valid result: 
recall@20 : 0.1513    ndcg@20 : 0.0734    hit@20 : 0.234    mrr@20 : 0.0679
Tue 25 Mar 2025 08:18:39 INFO  Saving current: saved/BiTGCF-Mar-25-2025_08-11-00.pth
Tue 25 Mar 2025 08:18:40 INFO  epoch 30 training [time: 1.03s, train_loss1: 19.4737, train_loss2: 18.6139]
Tue 25 Mar 2025 08:18:57 INFO  epoch 30 evaluating [time: 17.31s, valid_score: 0.152800]
Tue 25 Mar 2025 08:18:57 INFO  valid result: 
recall@20 : 0.1528    ndcg@20 : 0.0729    hit@20 : 0.2366    mrr@20 : 0.0667
Tue 25 Mar 2025 08:18:57 INFO  Saving current: saved/BiTGCF-Mar-25-2025_08-11-00.pth
Tue 25 Mar 2025 08:18:58 INFO  epoch 31 training [time: 1.07s, train_loss1: 19.4757, train_loss2: 18.6506]
Tue 25 Mar 2025 08:19:12 INFO  epoch 31 evaluating [time: 13.51s, valid_score: 0.151900]
Tue 25 Mar 2025 08:19:12 INFO  valid result: 
recall@20 : 0.1519    ndcg@20 : 0.0734    hit@20 : 0.2334    mrr@20 : 0.0668
Tue 25 Mar 2025 08:19:13 INFO  epoch 32 training [time: 1.07s, train_loss1: 19.4440, train_loss2: 18.5477]
Tue 25 Mar 2025 08:19:23 INFO  epoch 32 evaluating [time: 9.54s, valid_score: 0.153100]
Tue 25 Mar 2025 08:19:23 INFO  valid result: 
recall@20 : 0.1531    ndcg@20 : 0.0736    hit@20 : 0.2352    mrr@20 : 0.0666
Tue 25 Mar 2025 08:19:23 INFO  Saving current: saved/BiTGCF-Mar-25-2025_08-11-00.pth
Tue 25 Mar 2025 08:19:24 INFO  epoch 33 training [time: 0.94s, train_loss1: 19.4204, train_loss2: 18.5149]
Tue 25 Mar 2025 08:19:40 INFO  epoch 33 evaluating [time: 16.46s, valid_score: 0.155200]
Tue 25 Mar 2025 08:19:40 INFO  valid result: 
recall@20 : 0.1552    ndcg@20 : 0.0744    hit@20 : 0.2374    mrr@20 : 0.0669
Tue 25 Mar 2025 08:19:40 INFO  Saving current: saved/BiTGCF-Mar-25-2025_08-11-00.pth
Tue 25 Mar 2025 08:19:41 INFO  epoch 34 training [time: 1.05s, train_loss1: 19.4128, train_loss2: 18.5605]
Tue 25 Mar 2025 08:19:54 INFO  epoch 34 evaluating [time: 12.42s, valid_score: 0.157200]
Tue 25 Mar 2025 08:19:54 INFO  valid result: 
recall@20 : 0.1572    ndcg@20 : 0.0747    hit@20 : 0.2413    mrr@20 : 0.0664
Tue 25 Mar 2025 08:19:54 INFO  Saving current: saved/BiTGCF-Mar-25-2025_08-11-00.pth
Tue 25 Mar 2025 08:19:55 INFO  epoch 35 training [time: 0.95s, train_loss1: 19.3635, train_loss2: 18.4732]
Tue 25 Mar 2025 08:20:12 INFO  epoch 35 evaluating [time: 17.31s, valid_score: 0.157200]
Tue 25 Mar 2025 08:20:12 INFO  valid result: 
recall@20 : 0.1572    ndcg@20 : 0.0762    hit@20 : 0.2405    mrr@20 : 0.0683
Tue 25 Mar 2025 08:20:12 INFO  Saving current: saved/BiTGCF-Mar-25-2025_08-11-00.pth
Tue 25 Mar 2025 08:20:13 INFO  epoch 36 training [time: 0.98s, train_loss1: 19.3761, train_loss2: 18.4957]
Tue 25 Mar 2025 08:20:26 INFO  epoch 36 evaluating [time: 13.02s, valid_score: 0.158900]
Tue 25 Mar 2025 08:20:26 INFO  valid result: 
recall@20 : 0.1589    ndcg@20 : 0.0773    hit@20 : 0.2437    mrr@20 : 0.0692
Tue 25 Mar 2025 08:20:26 INFO  Saving current: saved/BiTGCF-Mar-25-2025_08-11-00.pth
Tue 25 Mar 2025 08:20:27 INFO  epoch 37 training [time: 1.03s, train_loss1: 19.2978, train_loss2: 18.4051]
Tue 25 Mar 2025 08:20:45 INFO  epoch 37 evaluating [time: 17.44s, valid_score: 0.163400]
Tue 25 Mar 2025 08:20:45 INFO  valid result: 
recall@20 : 0.1634    ndcg@20 : 0.0785    hit@20 : 0.2489    mrr@20 : 0.0694
Tue 25 Mar 2025 08:20:45 INFO  Saving current: saved/BiTGCF-Mar-25-2025_08-11-00.pth
Tue 25 Mar 2025 08:20:46 INFO  epoch 38 training [time: 1.05s, train_loss1: 19.2993, train_loss2: 18.4294]
Tue 25 Mar 2025 08:21:01 INFO  epoch 38 evaluating [time: 15.13s, valid_score: 0.165600]
Tue 25 Mar 2025 08:21:01 INFO  valid result: 
recall@20 : 0.1656    ndcg@20 : 0.0792    hit@20 : 0.2518    mrr@20 : 0.0704
Tue 25 Mar 2025 08:21:01 INFO  Saving current: saved/BiTGCF-Mar-25-2025_08-11-00.pth
Tue 25 Mar 2025 08:21:02 INFO  epoch 39 training [time: 1.00s, train_loss1: 19.3062, train_loss2: 18.4044]
Tue 25 Mar 2025 08:21:12 INFO  epoch 39 evaluating [time: 9.95s, valid_score: 0.164400]
Tue 25 Mar 2025 08:21:12 INFO  valid result: 
recall@20 : 0.1644    ndcg@20 : 0.079    hit@20 : 0.2495    mrr@20 : 0.0701
Tue 25 Mar 2025 08:21:13 INFO  epoch 40 training [time: 1.01s, train_loss1: 19.2234, train_loss2: 18.3768]
Tue 25 Mar 2025 08:21:25 INFO  epoch 40 evaluating [time: 12.21s, valid_score: 0.164800]
Tue 25 Mar 2025 08:21:25 INFO  valid result: 
recall@20 : 0.1648    ndcg@20 : 0.079    hit@20 : 0.2512    mrr@20 : 0.0693
Tue 25 Mar 2025 08:21:26 INFO  epoch 41 training [time: 1.00s, train_loss1: 19.2317, train_loss2: 18.3638]
Tue 25 Mar 2025 08:21:36 INFO  epoch 41 evaluating [time: 10.38s, valid_score: 0.166000]
Tue 25 Mar 2025 08:21:36 INFO  valid result: 
recall@20 : 0.166    ndcg@20 : 0.0798    hit@20 : 0.2506    mrr@20 : 0.0702
Tue 25 Mar 2025 08:21:36 INFO  Saving current: saved/BiTGCF-Mar-25-2025_08-11-00.pth
Tue 25 Mar 2025 08:21:37 INFO  epoch 42 training [time: 0.94s, train_loss1: 19.2003, train_loss2: 18.3441]
Tue 25 Mar 2025 08:21:47 INFO  epoch 42 evaluating [time: 9.48s, valid_score: 0.163700]
Tue 25 Mar 2025 08:21:47 INFO  valid result: 
recall@20 : 0.1637    ndcg@20 : 0.0795    hit@20 : 0.2485    mrr@20 : 0.0706
Tue 25 Mar 2025 08:21:48 INFO  epoch 43 training [time: 0.96s, train_loss1: 19.2000, train_loss2: 18.2975]
Tue 25 Mar 2025 08:21:57 INFO  epoch 43 evaluating [time: 8.96s, valid_score: 0.166100]
Tue 25 Mar 2025 08:21:57 INFO  valid result: 
recall@20 : 0.1661    ndcg@20 : 0.0803    hit@20 : 0.2528    mrr@20 : 0.071
Tue 25 Mar 2025 08:21:57 INFO  Saving current: saved/BiTGCF-Mar-25-2025_08-11-00.pth
Tue 25 Mar 2025 08:21:58 INFO  epoch 44 training [time: 0.97s, train_loss1: 19.1743, train_loss2: 18.2914]
Tue 25 Mar 2025 08:22:15 INFO  epoch 44 evaluating [time: 16.94s, valid_score: 0.167400]
Tue 25 Mar 2025 08:22:15 INFO  valid result: 
recall@20 : 0.1674    ndcg@20 : 0.0807    hit@20 : 0.2546    mrr@20 : 0.0714
Tue 25 Mar 2025 08:22:15 INFO  Saving current: saved/BiTGCF-Mar-25-2025_08-11-00.pth
Tue 25 Mar 2025 08:22:16 INFO  epoch 45 training [time: 1.01s, train_loss1: 19.1279, train_loss2: 18.2947]
Tue 25 Mar 2025 08:22:30 INFO  epoch 45 evaluating [time: 14.58s, valid_score: 0.166900]
Tue 25 Mar 2025 08:22:30 INFO  valid result: 
recall@20 : 0.1669    ndcg@20 : 0.08    hit@20 : 0.2532    mrr@20 : 0.0705
Tue 25 Mar 2025 08:22:31 INFO  epoch 46 training [time: 1.00s, train_loss1: 19.1196, train_loss2: 18.2693]
Tue 25 Mar 2025 08:22:41 INFO  epoch 46 evaluating [time: 9.96s, valid_score: 0.169800]
Tue 25 Mar 2025 08:22:41 INFO  valid result: 
recall@20 : 0.1698    ndcg@20 : 0.0811    hit@20 : 0.2562    mrr@20 : 0.0718
Tue 25 Mar 2025 08:22:41 INFO  Saving current: saved/BiTGCF-Mar-25-2025_08-11-00.pth
Tue 25 Mar 2025 08:22:42 INFO  epoch 47 training [time: 0.93s, train_loss1: 19.1177, train_loss2: 18.1929]
Tue 25 Mar 2025 08:22:52 INFO  epoch 47 evaluating [time: 9.15s, valid_score: 0.170900]
Tue 25 Mar 2025 08:22:52 INFO  valid result: 
recall@20 : 0.1709    ndcg@20 : 0.0818    hit@20 : 0.2574    mrr@20 : 0.0719
Tue 25 Mar 2025 08:22:52 INFO  Saving current: saved/BiTGCF-Mar-25-2025_08-11-00.pth
Tue 25 Mar 2025 08:22:53 INFO  epoch 48 training [time: 0.99s, train_loss1: 19.0538, train_loss2: 18.1383]
Tue 25 Mar 2025 08:23:10 INFO  epoch 48 evaluating [time: 17.47s, valid_score: 0.169200]
Tue 25 Mar 2025 08:23:10 INFO  valid result: 
recall@20 : 0.1692    ndcg@20 : 0.0817    hit@20 : 0.255    mrr@20 : 0.0723
Tue 25 Mar 2025 08:23:11 INFO  epoch 49 training [time: 1.00s, train_loss1: 19.0268, train_loss2: 18.1978]
Tue 25 Mar 2025 08:23:28 INFO  epoch 49 evaluating [time: 17.15s, valid_score: 0.170800]
Tue 25 Mar 2025 08:23:28 INFO  valid result: 
recall@20 : 0.1708    ndcg@20 : 0.0822    hit@20 : 0.2566    mrr@20 : 0.0722
Tue 25 Mar 2025 08:23:29 INFO  epoch 50 training [time: 1.00s, train_loss1: 19.0571, train_loss2: 18.1524]
Tue 25 Mar 2025 08:23:43 INFO  epoch 50 evaluating [time: 13.58s, valid_score: 0.170200]
Tue 25 Mar 2025 08:23:43 INFO  valid result: 
recall@20 : 0.1702    ndcg@20 : 0.0822    hit@20 : 0.2572    mrr@20 : 0.0723
Tue 25 Mar 2025 08:23:44 INFO  epoch 51 training [time: 0.95s, train_loss1: 19.0571, train_loss2: 18.1161]
Tue 25 Mar 2025 08:23:55 INFO  epoch 51 evaluating [time: 11.54s, valid_score: 0.169000]
Tue 25 Mar 2025 08:23:55 INFO  valid result: 
recall@20 : 0.169    ndcg@20 : 0.0824    hit@20 : 0.2562    mrr@20 : 0.0732
Tue 25 Mar 2025 08:23:56 INFO  epoch 52 training [time: 1.02s, train_loss1: 19.0208, train_loss2: 18.0895]
Tue 25 Mar 2025 08:24:06 INFO  epoch 52 evaluating [time: 9.75s, valid_score: 0.173000]
Tue 25 Mar 2025 08:24:06 INFO  valid result: 
recall@20 : 0.173    ndcg@20 : 0.0838    hit@20 : 0.2607    mrr@20 : 0.0738
Tue 25 Mar 2025 08:24:06 INFO  Saving current: saved/BiTGCF-Mar-25-2025_08-11-00.pth
Tue 25 Mar 2025 08:24:07 INFO  epoch 53 training [time: 1.00s, train_loss1: 18.9366, train_loss2: 18.0423]
Tue 25 Mar 2025 08:24:21 INFO  epoch 53 evaluating [time: 13.70s, valid_score: 0.175400]
Tue 25 Mar 2025 08:24:21 INFO  valid result: 
recall@20 : 0.1754    ndcg@20 : 0.0846    hit@20 : 0.2641    mrr@20 : 0.0745
Tue 25 Mar 2025 08:24:21 INFO  Saving current: saved/BiTGCF-Mar-25-2025_08-11-00.pth
Tue 25 Mar 2025 08:24:22 INFO  epoch 54 training [time: 1.07s, train_loss1: 18.9364, train_loss2: 18.0300]
Tue 25 Mar 2025 08:24:31 INFO  epoch 54 evaluating [time: 9.30s, valid_score: 0.172300]
Tue 25 Mar 2025 08:24:31 INFO  valid result: 
recall@20 : 0.1723    ndcg@20 : 0.0837    hit@20 : 0.2594    mrr@20 : 0.0737
Tue 25 Mar 2025 08:24:32 INFO  epoch 55 training [time: 0.95s, train_loss1: 18.8812, train_loss2: 17.9799]
Tue 25 Mar 2025 08:24:45 INFO  epoch 55 evaluating [time: 12.49s, valid_score: 0.174800]
Tue 25 Mar 2025 08:24:45 INFO  valid result: 
recall@20 : 0.1748    ndcg@20 : 0.0847    hit@20 : 0.2621    mrr@20 : 0.0743
Tue 25 Mar 2025 08:24:46 INFO  epoch 56 training [time: 0.98s, train_loss1: 18.8832, train_loss2: 17.8904]
Tue 25 Mar 2025 08:25:03 INFO  epoch 56 evaluating [time: 17.51s, valid_score: 0.176800]
Tue 25 Mar 2025 08:25:03 INFO  valid result: 
recall@20 : 0.1768    ndcg@20 : 0.0849    hit@20 : 0.2641    mrr@20 : 0.074
Tue 25 Mar 2025 08:25:03 INFO  Saving current: saved/BiTGCF-Mar-25-2025_08-11-00.pth
Tue 25 Mar 2025 08:25:04 INFO  epoch 57 training [time: 1.00s, train_loss1: 18.8422, train_loss2: 17.9440]
Tue 25 Mar 2025 08:25:18 INFO  epoch 57 evaluating [time: 13.62s, valid_score: 0.176800]
Tue 25 Mar 2025 08:25:18 INFO  valid result: 
recall@20 : 0.1768    ndcg@20 : 0.0852    hit@20 : 0.2637    mrr@20 : 0.0747
Tue 25 Mar 2025 08:25:18 INFO  Saving current: saved/BiTGCF-Mar-25-2025_08-11-00.pth
Tue 25 Mar 2025 08:25:19 INFO  epoch 58 training [time: 1.01s, train_loss1: 18.8132, train_loss2: 17.8939]
Tue 25 Mar 2025 08:25:36 INFO  epoch 58 evaluating [time: 17.36s, valid_score: 0.176700]
Tue 25 Mar 2025 08:25:36 INFO  valid result: 
recall@20 : 0.1767    ndcg@20 : 0.0853    hit@20 : 0.2635    mrr@20 : 0.0747
Tue 25 Mar 2025 08:25:37 INFO  epoch 59 training [time: 0.99s, train_loss1: 18.8265, train_loss2: 17.8498]
Tue 25 Mar 2025 08:25:49 INFO  epoch 59 evaluating [time: 11.94s, valid_score: 0.177900]
Tue 25 Mar 2025 08:25:49 INFO  valid result: 
recall@20 : 0.1779    ndcg@20 : 0.0858    hit@20 : 0.2639    mrr@20 : 0.0748
Tue 25 Mar 2025 08:25:49 INFO  Saving current: saved/BiTGCF-Mar-25-2025_08-11-00.pth
Tue 25 Mar 2025 08:25:50 INFO  epoch 60 training [time: 0.95s, train_loss1: 18.7833, train_loss2: 17.8416]
Tue 25 Mar 2025 08:26:04 INFO  epoch 60 evaluating [time: 13.38s, valid_score: 0.178300]
Tue 25 Mar 2025 08:26:04 INFO  valid result: 
recall@20 : 0.1783    ndcg@20 : 0.0859    hit@20 : 0.2661    mrr@20 : 0.0753
Tue 25 Mar 2025 08:26:04 INFO  Saving current: saved/BiTGCF-Mar-25-2025_08-11-00.pth
Tue 25 Mar 2025 08:26:05 INFO  epoch 61 training [time: 0.99s, train_loss1: 18.7494, train_loss2: 17.8176]
Tue 25 Mar 2025 08:26:19 INFO  epoch 61 evaluating [time: 14.25s, valid_score: 0.178500]
Tue 25 Mar 2025 08:26:19 INFO  valid result: 
recall@20 : 0.1785    ndcg@20 : 0.0861    hit@20 : 0.2665    mrr@20 : 0.0753
Tue 25 Mar 2025 08:26:19 INFO  Saving current: saved/BiTGCF-Mar-25-2025_08-11-00.pth
Tue 25 Mar 2025 08:26:20 INFO  epoch 62 training [time: 0.98s, train_loss1: 18.7704, train_loss2: 17.7138]
Tue 25 Mar 2025 08:26:30 INFO  epoch 62 evaluating [time: 9.90s, valid_score: 0.180400]
Tue 25 Mar 2025 08:26:30 INFO  valid result: 
recall@20 : 0.1804    ndcg@20 : 0.0867    hit@20 : 0.2687    mrr@20 : 0.0755
Tue 25 Mar 2025 08:26:30 INFO  Saving current: saved/BiTGCF-Mar-25-2025_08-11-00.pth
Tue 25 Mar 2025 08:26:31 INFO  epoch 63 training [time: 0.98s, train_loss1: 18.7246, train_loss2: 17.7285]
Tue 25 Mar 2025 08:26:42 INFO  epoch 63 evaluating [time: 10.72s, valid_score: 0.180900]
Tue 25 Mar 2025 08:26:42 INFO  valid result: 
recall@20 : 0.1809    ndcg@20 : 0.0875    hit@20 : 0.2698    mrr@20 : 0.0766
Tue 25 Mar 2025 08:26:42 INFO  Saving current: saved/BiTGCF-Mar-25-2025_08-11-00.pth
Tue 25 Mar 2025 08:26:43 INFO  epoch 64 training [time: 0.97s, train_loss1: 18.7039, train_loss2: 17.7309]
Tue 25 Mar 2025 08:26:52 INFO  epoch 64 evaluating [time: 9.63s, valid_score: 0.181100]
Tue 25 Mar 2025 08:26:52 INFO  valid result: 
recall@20 : 0.1811    ndcg@20 : 0.0874    hit@20 : 0.2683    mrr@20 : 0.0762
Tue 25 Mar 2025 08:26:53 INFO  Saving current: saved/BiTGCF-Mar-25-2025_08-11-00.pth
Tue 25 Mar 2025 08:26:54 INFO  epoch 65 training [time: 0.95s, train_loss1: 18.6521, train_loss2: 17.6589]
