Fri 21 Mar 2025 03:19:26 INFO  
General Hyper Parameters:
gpu_id = 0
use_gpu = True
seed = 2024
state = INFO
reproducibility = True
data_path = ./data
checkpoint_dir = saved
show_progress = True
save_dataset = False
dataset_save_path = None
save_dataloaders = False
dataloaders_save_path = None
log_wandb = False
config_file = ../testing.yaml

Training Hyper Parameters:
train_batch_size = 1024
learner = adam
learning_rate = 0.001
neg_sampling = {'uniform': 1}
eval_step = 1
stopping_step = 10
clip_grad_norm = None
weight_decay = 0.0
loss_decimal_place = 4
epochs = 30

Evaluation Hyper Parameters:
eval_args = {'split': {'RS': [0.8, 0.1, 0.1]}, 'split_valid': {'RS': [0.8, 0.2]}, 'group_by': 'user', 'order': 'RO', 'mode': 'full'}
repeatable = True
metrics = ['Recall', 'NDCG']
topk = [10, 20]
valid_metric = MRR@10
valid_metric_bigger = True
eval_batch_size = 4096
metric_decimal_place = 4

Dataset Hyper Parameters:
field_separator = 	
source_domain = {'dataset': 'ml-100k', 'data_path': '/notebooks/RecBole-CDR/recbole_cdr/config/../dataset_example/ml-100k', 'seq_separator': ' ', 'USER_ID_FIELD': 'user_id', 'ITEM_ID_FIELD': 'item_id', 'RATING_FIELD': 'rating', 'TIME_FIELD': 'timestamp', 'NEG_PREFIX': 'neg_', 'LABEL_FIELD': 'label', 'load_col': {'inter': ['user_id', 'item_id', 'rating']}, 'user_inter_num_interval': '[5,inf)', 'item_inter_num_interval': '[5,inf)', 'val_interval': {'rating': '[3,inf)'}, 'drop_filter_field': True}
target_domain = {'dataset': 'ml-1m', 'data_path': '/notebooks/RecBole-CDR/recbole_cdr/config/../dataset_example/ml-1m', 'seq_separator': ',', 'USER_ID_FIELD': 'user_id', 'ITEM_ID_FIELD': 'item_id', 'RATING_FIELD': 'rating', 'TIME_FIELD': 'timestamp', 'NEG_PREFIX': 'neg_', 'LABEL_FIELD': 'label', 'load_col': {'inter': ['user_id', 'item_id', 'rating']}, 'user_inter_num_interval': '[5,inf)', 'item_inter_num_interval': '[5,inf)', 'val_interval': {'rating': '[3,inf)'}, 'drop_filter_field': True}

Other Hyper Parameters: 
wandb_project = recbole_cdr
train_epochs = ['SOURCE:30', 'TARGET:30']
require_pow = False
embedding_size = 64
alpha = 0.5
lambda = 0
gamma = 0
MODEL_TYPE = ModelType.CROSSDOMAIN
device = cuda
MODEL_INPUT_TYPE = InputType.POINTWISE
eval_type = EvaluatorType.RANKING
train_modes = ['SOURCE', 'TARGET']
epoch_num = ['30', '30']
source_split = True
train_neg_sample_args = {'strategy': 'by', 'by': 1, 'distribution': 'uniform', 'dynamic': 'none'}
eval_neg_sample_args = {'strategy': 'full', 'distribution': 'uniform'}


Fri 21 Mar 2025 03:19:33 INFO  Source domain: ml-100k
The number of users: 944
Average actions of users: 86.64369034994698
The number of items: 1197
Average actions of items: 68.31521739130434
The number of inters: 81705
The sparsity of the dataset: 92.76926426235079%
Remain Fields: ['source_user_id', 'source_item_id', 'source_rating']
Target domain: ml-1m
The number of users: 6039
Average actions of users: 138.42149718449818
The number of items: 3308
Average actions of items: 252.73329301481706
The number of inters: 835789
The sparsity of the dataset: 95.81624619337467%
Remain Fields: ['target_user_id', 'target_item_id', 'target_rating']
Num of overlapped user: 1
Num of overlapped item: 1154
Fri 21 Mar 2025 03:19:34 INFO  [Training]: train_batch_size = [1024] negative sampling: [{'uniform': 1}]
Fri 21 Mar 2025 03:19:34 INFO  [Evaluation]: eval_batch_size = [4096] eval_args: [{'split': {'RS': [0.8, 0.1, 0.1]}, 'split_valid': {'RS': [0.8, 0.2]}, 'group_by': 'user', 'order': 'RO', 'mode': 'full'}]
Fri 21 Mar 2025 03:19:36 INFO  CMF(
  (user_embedding): Embedding(6982, 64)
  (item_embedding): Embedding(3351, 64)
  (sigmoid): Sigmoid()
  (loss): BCELoss()
  (source_reg_loss): EmbLoss()
  (target_reg_loss): EmbLoss()
)
Trainable parameters: 661312
Fri 21 Mar 2025 03:19:36 INFO  Start training with SOURCE mode
