Tue 25 Mar 2025 10:57:08 INFO  
General Hyper Parameters:
gpu_id = 0
use_gpu = True
seed = 2022
state = INFO
reproducibility = True
data_path = dataset/
checkpoint_dir = saved
show_progress = True
save_dataset = False
dataset_save_path = None
save_dataloaders = False
dataloaders_save_path = None
log_wandb = False
config_file = /notebooks/EMCDRBack.yaml

Training Hyper Parameters:
train_batch_size = 2048
learner = adam
learning_rate = 0.001
neg_sampling = {'uniform': 1}
eval_step = 1
stopping_step = 10
clip_grad_norm = None
weight_decay = 0.0
loss_decimal_place = 4
epochs = 30

Evaluation Hyper Parameters:
eval_args = {'split': {'RS': [0.6, 0.2, 0.2]}, 'split_valid': {'RS': [0.8, 0.2]}, 'group_by': 'user', 'order': 'RO', 'mode': 'full'}
repeatable = False
metrics = ['Recall', 'NDCG', 'Hit', 'MRR']
topk = [20]
valid_metric = Recall@20
valid_metric_bigger = True
eval_batch_size = 2048
metric_decimal_place = 4

Dataset Hyper Parameters:
field_separator = 	
source_domain = {'dataset': 'Amazon-KG-5core-Movies_and_TV', 'data_path': '/notebooks/Amazon-KG-v2.0-dataset/Amazon-KG-5core-Movies_and_TV', 'seq_separator': ' ', 'USER_ID_FIELD': 'user_id', 'ITEM_ID_FIELD': 'item_id', 'RATING_FIELD': 'rating', 'TIME_FIELD': 'timestamp', 'NEG_PREFIX': 'neg_', 'LABEL_FIELD': 'label', 'load_col': {'inter': ['user_id', 'item_id', 'rating'], 'kg': ['head_id', 'relation_id', 'tail_id'], 'link': ['item_id', 'entity_id']}, 'user_inter_num_interval': '[5,inf)', 'item_inter_num_interval': '[5,inf)', 'val_interval': {'rating': '[0,inf)'}, 'drop_filter_field': True, 'HEAD_ENTITY_ID_FIELD': 'head_id', 'TAIL_ENTITY_ID_FIELD': 'tail_id', 'RELATION_ID_FIELD': 'relation_id', 'ENTITY_ID_FIELD': 'entity_id'}
target_domain = {'dataset': 'Amazon-KG-5core-Books', 'data_path': '/notebooks/Amazon-KG-v2.0-dataset/Amazon-KG-5core-Books', 'seq_separator': ',', 'USER_ID_FIELD': 'user_id', 'ITEM_ID_FIELD': 'item_id', 'RATING_FIELD': 'rating', 'TIME_FIELD': 'timestamp', 'NEG_PREFIX': 'neg_', 'LABEL_FIELD': 'label', 'load_col': {'inter': ['user_id', 'item_id', 'rating'], 'kg': ['head_id', 'relation_id', 'tail_id'], 'link': ['item_id', 'entity_id']}, 'user_inter_num_interval': '[5,inf)', 'item_inter_num_interval': '[5,inf)', 'val_interval': {'rating': '[0,inf)'}, 'drop_filter_field': True, 'HEAD_ENTITY_ID_FIELD': 'head_id', 'TAIL_ENTITY_ID_FIELD': 'tail_id', 'RELATION_ID_FIELD': 'relation_id', 'ENTITY_ID_FIELD': 'entity_id'}

Other Hyper Parameters: 
wandb_project = recbole_cdr
train_epochs = ['SOURCE:30', 'TARGET:30', 'OVERLAP:30']
require_pow = False
latent_factor_model = MF
loss_type = CE
source_embedding_size = 64
target_embedding_size = 64
reg_weight = 0.01
mapping_function = non_linear
mlp_hidden_size = [128]
overlap_batch_size = 100
MODEL_TYPE = ModelType.CROSSDOMAIN
embedding_size = 64
num_forward_layers = 2
num_backward_layers = 2
MODEL_INPUT_TYPE = InputType.POINTWISE
eval_type = EvaluatorType.RANKING
train_modes = ['SOURCE', 'TARGET', 'OVERLAP']
epoch_num = ['30', '30', '30']
source_split = True
device = cuda
train_neg_sample_args = {'strategy': 'by', 'by': 1, 'distribution': 'uniform', 'dynamic': 'none'}
eval_neg_sample_args = {'strategy': 'full', 'distribution': 'uniform'}


Tue 25 Mar 2025 10:57:10 INFO  Source domain: Amazon-KG-5core-Movies_and_TV
The number of users: 4950
Average actions of users: 11.844210951707415
The number of items: 2630
Average actions of items: 22.296310384176493
The number of inters: 58617
The sparsity of the dataset: 99.54974075354303%
Remain Fields: ['source_user_id', 'source_item_id', 'source_rating']
Target domain: Amazon-KG-5core-Books
The number of users: 9416
Average actions of users: 10.893786510886883
The number of items: 4876
Average actions of items: 21.038974358974357
The number of inters: 102565
The sparsity of the dataset: 99.7766072689357%
Remain Fields: ['target_user_id', 'target_item_id', 'target_rating']
Num of overlapped user: 956
Num of overlapped item: 1
Tue 25 Mar 2025 10:57:12 INFO  [Training]: train_batch_size = [2048] negative sampling: [{'uniform': 1}]
Tue 25 Mar 2025 10:57:12 INFO  [Evaluation]: eval_batch_size = [2048] eval_args: [{'split': {'RS': [0.6, 0.2, 0.2]}, 'split_valid': {'RS': [0.8, 0.2]}, 'group_by': 'user', 'order': 'RO', 'mode': 'full'}]
Tue 25 Mar 2025 10:57:13 INFO  EMCDR(
  (loss): MSELoss()
  (mapping): Sequential(
    (0): Linear(in_features=64, out_features=128, bias=True)
    (1): Tanh()
    (2): Linear(in_features=128, out_features=64, bias=True)
  )
  (source_user_embedding): Embedding(13410, 64)
  (source_item_embedding): Embedding(7505, 64)
  (target_user_embedding): Embedding(13410, 64)
  (target_item_embedding): Embedding(7505, 64)
  (reg_loss): EmbLoss()
  (map_loss): MSELoss()
)
Trainable parameters: 2693696
Tue 25 Mar 2025 10:57:13 INFO  Start training with SOURCE mode
Tue 25 Mar 2025 10:57:13 INFO  epoch 0 training [time: 0.22s, train loss: 24.0010]
Tue 25 Mar 2025 10:57:27 INFO  epoch 0 evaluating [time: 13.63s, valid_score: 0.011800]
Tue 25 Mar 2025 10:57:27 INFO  valid result: 
recall@20 : 0.0118    ndcg@20 : 0.0052    hit@20 : 0.023    mrr@20 : 0.005
Tue 25 Mar 2025 10:57:27 INFO  Saving current: saved/EMCDR-Mar-25-2025_10-57-13.pth
Tue 25 Mar 2025 10:57:27 INFO  epoch 1 training [time: 0.15s, train loss: 23.7151]
Tue 25 Mar 2025 10:57:42 INFO  epoch 1 evaluating [time: 15.15s, valid_score: 0.083500]
Tue 25 Mar 2025 10:57:42 INFO  valid result: 
recall@20 : 0.0835    ndcg@20 : 0.0417    hit@20 : 0.1398    mrr@20 : 0.0425
Tue 25 Mar 2025 10:57:42 INFO  Saving current: saved/EMCDR-Mar-25-2025_10-57-13.pth
Tue 25 Mar 2025 10:57:42 INFO  epoch 2 training [time: 0.22s, train loss: 22.2180]
Tue 25 Mar 2025 10:57:56 INFO  epoch 2 evaluating [time: 13.60s, valid_score: 0.122000]
Tue 25 Mar 2025 10:57:56 INFO  valid result: 
recall@20 : 0.122    ndcg@20 : 0.0615    hit@20 : 0.1901    mrr@20 : 0.0592
Tue 25 Mar 2025 10:57:56 INFO  Saving current: saved/EMCDR-Mar-25-2025_10-57-13.pth
Tue 25 Mar 2025 10:57:56 INFO  epoch 3 training [time: 0.20s, train loss: 17.4484]
Tue 25 Mar 2025 10:58:11 INFO  epoch 3 evaluating [time: 14.47s, valid_score: 0.129900]
Tue 25 Mar 2025 10:58:11 INFO  valid result: 
recall@20 : 0.1299    ndcg@20 : 0.065    hit@20 : 0.199    mrr@20 : 0.0612
Tue 25 Mar 2025 10:58:11 INFO  Saving current: saved/EMCDR-Mar-25-2025_10-57-13.pth
Tue 25 Mar 2025 10:58:11 INFO  epoch 4 training [time: 0.23s, train loss: 11.8274]
Tue 25 Mar 2025 10:58:26 INFO  epoch 4 evaluating [time: 14.74s, valid_score: 0.134800]
Tue 25 Mar 2025 10:58:26 INFO  valid result: 
recall@20 : 0.1348    ndcg@20 : 0.068    hit@20 : 0.2071    mrr@20 : 0.0644
Tue 25 Mar 2025 10:58:26 INFO  Saving current: saved/EMCDR-Mar-25-2025_10-57-13.pth
Tue 25 Mar 2025 10:58:26 INFO  epoch 5 training [time: 0.17s, train loss: 8.9589]
Tue 25 Mar 2025 10:58:43 INFO  epoch 5 evaluating [time: 17.61s, valid_score: 0.146500]
Tue 25 Mar 2025 10:58:43 INFO  valid result: 
recall@20 : 0.1465    ndcg@20 : 0.073    hit@20 : 0.2213    mrr@20 : 0.0685
Tue 25 Mar 2025 10:58:43 INFO  Saving current: saved/EMCDR-Mar-25-2025_10-57-13.pth
Tue 25 Mar 2025 10:58:44 INFO  epoch 6 training [time: 0.19s, train loss: 7.6245]
Tue 25 Mar 2025 10:59:02 INFO  epoch 6 evaluating [time: 18.31s, valid_score: 0.155100]
Tue 25 Mar 2025 10:59:02 INFO  valid result: 
recall@20 : 0.1551    ndcg@20 : 0.0756    hit@20 : 0.2338    mrr@20 : 0.0683
Tue 25 Mar 2025 10:59:02 INFO  Saving current: saved/EMCDR-Mar-25-2025_10-57-13.pth
Tue 25 Mar 2025 10:59:02 INFO  epoch 7 training [time: 0.22s, train loss: 6.8170]
Tue 25 Mar 2025 10:59:19 INFO  epoch 7 evaluating [time: 17.30s, valid_score: 0.159800]
Tue 25 Mar 2025 10:59:19 INFO  valid result: 
recall@20 : 0.1598    ndcg@20 : 0.078    hit@20 : 0.2405    mrr@20 : 0.0701
Tue 25 Mar 2025 10:59:20 INFO  Saving current: saved/EMCDR-Mar-25-2025_10-57-13.pth
Tue 25 Mar 2025 10:59:20 INFO  epoch 8 training [time: 0.16s, train loss: 6.2063]
Tue 25 Mar 2025 10:59:37 INFO  epoch 8 evaluating [time: 17.44s, valid_score: 0.164000]
Tue 25 Mar 2025 10:59:37 INFO  valid result: 
recall@20 : 0.164    ndcg@20 : 0.0803    hit@20 : 0.2449    mrr@20 : 0.0727
Tue 25 Mar 2025 10:59:37 INFO  Saving current: saved/EMCDR-Mar-25-2025_10-57-13.pth
Tue 25 Mar 2025 10:59:37 INFO  epoch 9 training [time: 0.19s, train loss: 5.7686]
Tue 25 Mar 2025 10:59:53 INFO  epoch 9 evaluating [time: 15.60s, valid_score: 0.167500]
Tue 25 Mar 2025 10:59:53 INFO  valid result: 
recall@20 : 0.1675    ndcg@20 : 0.0814    hit@20 : 0.2495    mrr@20 : 0.0734
Tue 25 Mar 2025 10:59:53 INFO  Saving current: saved/EMCDR-Mar-25-2025_10-57-13.pth
Tue 25 Mar 2025 10:59:53 INFO  epoch 10 training [time: 0.17s, train loss: 5.2981]
Tue 25 Mar 2025 11:00:05 INFO  epoch 10 evaluating [time: 11.94s, valid_score: 0.169200]
Tue 25 Mar 2025 11:00:05 INFO  valid result: 
recall@20 : 0.1692    ndcg@20 : 0.0821    hit@20 : 0.2528    mrr@20 : 0.0739
Tue 25 Mar 2025 11:00:05 INFO  Saving current: saved/EMCDR-Mar-25-2025_10-57-13.pth
Tue 25 Mar 2025 11:00:05 INFO  epoch 11 training [time: 0.23s, train loss: 4.9224]
Tue 25 Mar 2025 11:00:22 INFO  epoch 11 evaluating [time: 16.85s, valid_score: 0.171900]
Tue 25 Mar 2025 11:00:22 INFO  valid result: 
recall@20 : 0.1719    ndcg@20 : 0.084    hit@20 : 0.2576    mrr@20 : 0.0744
Tue 25 Mar 2025 11:00:22 INFO  Saving current: saved/EMCDR-Mar-25-2025_10-57-13.pth
Tue 25 Mar 2025 11:00:23 INFO  epoch 12 training [time: 0.21s, train loss: 4.5829]
Tue 25 Mar 2025 11:00:41 INFO  epoch 12 evaluating [time: 18.18s, valid_score: 0.172700]
Tue 25 Mar 2025 11:00:41 INFO  valid result: 
recall@20 : 0.1727    ndcg@20 : 0.0846    hit@20 : 0.259    mrr@20 : 0.0753
Tue 25 Mar 2025 11:00:41 INFO  Saving current: saved/EMCDR-Mar-25-2025_10-57-13.pth
Tue 25 Mar 2025 11:00:41 INFO  epoch 13 training [time: 0.19s, train loss: 4.2781]
Tue 25 Mar 2025 11:00:58 INFO  epoch 13 evaluating [time: 16.91s, valid_score: 0.173400]
Tue 25 Mar 2025 11:00:58 INFO  valid result: 
recall@20 : 0.1734    ndcg@20 : 0.085    hit@20 : 0.2601    mrr@20 : 0.076
Tue 25 Mar 2025 11:00:58 INFO  Saving current: saved/EMCDR-Mar-25-2025_10-57-13.pth
Tue 25 Mar 2025 11:00:58 INFO  epoch 14 training [time: 0.18s, train loss: 4.0261]
Tue 25 Mar 2025 11:01:16 INFO  epoch 14 evaluating [time: 17.53s, valid_score: 0.177100]
Tue 25 Mar 2025 11:01:16 INFO  valid result: 
recall@20 : 0.1771    ndcg@20 : 0.0864    hit@20 : 0.2643    mrr@20 : 0.0776
Tue 25 Mar 2025 11:01:16 INFO  Saving current: saved/EMCDR-Mar-25-2025_10-57-13.pth
Tue 25 Mar 2025 11:01:16 INFO  epoch 15 training [time: 0.21s, train loss: 3.7422]
Tue 25 Mar 2025 11:01:33 INFO  epoch 15 evaluating [time: 16.85s, valid_score: 0.179200]
Tue 25 Mar 2025 11:01:33 INFO  valid result: 
recall@20 : 0.1792    ndcg@20 : 0.0876    hit@20 : 0.2675    mrr@20 : 0.078
Tue 25 Mar 2025 11:01:33 INFO  Saving current: saved/EMCDR-Mar-25-2025_10-57-13.pth
Tue 25 Mar 2025 11:01:33 INFO  epoch 16 training [time: 0.17s, train loss: 3.5290]
Tue 25 Mar 2025 11:01:46 INFO  epoch 16 evaluating [time: 13.54s, valid_score: 0.180100]
Tue 25 Mar 2025 11:01:46 INFO  valid result: 
recall@20 : 0.1801    ndcg@20 : 0.0875    hit@20 : 0.2669    mrr@20 : 0.0772
Tue 25 Mar 2025 11:01:47 INFO  Saving current: saved/EMCDR-Mar-25-2025_10-57-13.pth
Tue 25 Mar 2025 11:01:47 INFO  epoch 17 training [time: 0.18s, train loss: 3.3546]
Tue 25 Mar 2025 11:02:03 INFO  epoch 17 evaluating [time: 15.87s, valid_score: 0.179300]
Tue 25 Mar 2025 11:02:03 INFO  valid result: 
recall@20 : 0.1793    ndcg@20 : 0.0867    hit@20 : 0.2653    mrr@20 : 0.0765
Tue 25 Mar 2025 11:02:03 INFO  epoch 18 training [time: 0.20s, train loss: 3.1931]
Tue 25 Mar 2025 11:02:20 INFO  epoch 18 evaluating [time: 17.64s, valid_score: 0.181400]
Tue 25 Mar 2025 11:02:20 INFO  valid result: 
recall@20 : 0.1814    ndcg@20 : 0.0877    hit@20 : 0.2695    mrr@20 : 0.0769
Tue 25 Mar 2025 11:02:20 INFO  Saving current: saved/EMCDR-Mar-25-2025_10-57-13.pth
Tue 25 Mar 2025 11:02:21 INFO  epoch 19 training [time: 0.19s, train loss: 3.0350]
Tue 25 Mar 2025 11:02:33 INFO  epoch 19 evaluating [time: 12.19s, valid_score: 0.179800]
Tue 25 Mar 2025 11:02:33 INFO  valid result: 
recall@20 : 0.1798    ndcg@20 : 0.0868    hit@20 : 0.2667    mrr@20 : 0.0767
Tue 25 Mar 2025 11:02:33 INFO  epoch 20 training [time: 0.17s, train loss: 2.9410]
Tue 25 Mar 2025 11:02:50 INFO  epoch 20 evaluating [time: 17.20s, valid_score: 0.180200]
Tue 25 Mar 2025 11:02:50 INFO  valid result: 
recall@20 : 0.1802    ndcg@20 : 0.0873    hit@20 : 0.2677    mrr@20 : 0.0769
Tue 25 Mar 2025 11:02:50 INFO  epoch 21 training [time: 0.24s, train loss: 2.7773]
Tue 25 Mar 2025 11:03:07 INFO  epoch 21 evaluating [time: 16.52s, valid_score: 0.179400]
Tue 25 Mar 2025 11:03:07 INFO  valid result: 
recall@20 : 0.1794    ndcg@20 : 0.0868    hit@20 : 0.2665    mrr@20 : 0.0768
Tue 25 Mar 2025 11:03:07 INFO  epoch 22 training [time: 0.18s, train loss: 2.6617]
Tue 25 Mar 2025 11:03:23 INFO  epoch 22 evaluating [time: 15.49s, valid_score: 0.180600]
Tue 25 Mar 2025 11:03:23 INFO  valid result: 
recall@20 : 0.1806    ndcg@20 : 0.087    hit@20 : 0.2673    mrr@20 : 0.0766
Tue 25 Mar 2025 11:03:23 INFO  epoch 23 training [time: 0.21s, train loss: 2.5982]
Tue 25 Mar 2025 11:03:38 INFO  epoch 23 evaluating [time: 14.84s, valid_score: 0.183300]
Tue 25 Mar 2025 11:03:38 INFO  valid result: 
recall@20 : 0.1833    ndcg@20 : 0.0878    hit@20 : 0.271    mrr@20 : 0.0772
Tue 25 Mar 2025 11:03:38 INFO  Saving current: saved/EMCDR-Mar-25-2025_10-57-13.pth
Tue 25 Mar 2025 11:03:38 INFO  epoch 24 training [time: 0.17s, train loss: 2.4979]
Tue 25 Mar 2025 11:03:55 INFO  epoch 24 evaluating [time: 17.47s, valid_score: 0.181800]
Tue 25 Mar 2025 11:03:55 INFO  valid result: 
recall@20 : 0.1818    ndcg@20 : 0.0876    hit@20 : 0.2695    mrr@20 : 0.0773
Tue 25 Mar 2025 11:03:56 INFO  epoch 25 training [time: 0.20s, train loss: 2.4147]
Tue 25 Mar 2025 11:04:10 INFO  epoch 25 evaluating [time: 13.94s, valid_score: 0.181300]
Tue 25 Mar 2025 11:04:10 INFO  valid result: 
recall@20 : 0.1813    ndcg@20 : 0.0874    hit@20 : 0.2687    mrr@20 : 0.0766
Tue 25 Mar 2025 11:04:10 INFO  epoch 26 training [time: 0.17s, train loss: 2.3294]
Tue 25 Mar 2025 11:04:24 INFO  epoch 26 evaluating [time: 14.17s, valid_score: 0.180700]
Tue 25 Mar 2025 11:04:24 INFO  valid result: 
recall@20 : 0.1807    ndcg@20 : 0.0866    hit@20 : 0.2681    mrr@20 : 0.0754
Tue 25 Mar 2025 11:04:24 INFO  epoch 27 training [time: 0.16s, train loss: 2.2687]
Tue 25 Mar 2025 11:04:34 INFO  epoch 27 evaluating [time: 9.97s, valid_score: 0.179700]
Tue 25 Mar 2025 11:04:34 INFO  valid result: 
recall@20 : 0.1797    ndcg@20 : 0.0859    hit@20 : 0.2669    mrr@20 : 0.0746
Tue 25 Mar 2025 11:04:34 INFO  epoch 28 training [time: 0.16s, train loss: 2.2232]
Tue 25 Mar 2025 11:04:45 INFO  epoch 28 evaluating [time: 11.14s, valid_score: 0.181500]
Tue 25 Mar 2025 11:04:45 INFO  valid result: 
recall@20 : 0.1815    ndcg@20 : 0.0867    hit@20 : 0.2685    mrr@20 : 0.0757
Tue 25 Mar 2025 11:04:45 INFO  epoch 29 training [time: 0.18s, train loss: 2.1260]
Tue 25 Mar 2025 11:04:57 INFO  epoch 29 evaluating [time: 11.31s, valid_score: 0.181000]
Tue 25 Mar 2025 11:04:57 INFO  valid result: 
recall@20 : 0.181    ndcg@20 : 0.087    hit@20 : 0.2671    mrr@20 : 0.0759
Tue 25 Mar 2025 11:04:57 INFO  Start training with TARGET mode
Tue 25 Mar 2025 11:04:57 INFO  epoch 0 training [time: 0.29s, train loss: 33.0022]
Tue 25 Mar 2025 11:05:31 INFO  epoch 0 evaluating [time: 33.82s, valid_score: 0.006100]
Tue 25 Mar 2025 11:05:31 INFO  valid result: 
recall@20 : 0.0061    ndcg@20 : 0.0025    hit@20 : 0.011    mrr@20 : 0.002
Tue 25 Mar 2025 11:05:31 INFO  Saving current: saved/EMCDR-Mar-25-2025_10-57-13.pth
Tue 25 Mar 2025 11:05:31 INFO  epoch 1 training [time: 0.27s, train loss: 32.5552]
Tue 25 Mar 2025 11:05:51 INFO  epoch 1 evaluating [time: 20.19s, valid_score: 0.051200]
Tue 25 Mar 2025 11:05:51 INFO  valid result: 
recall@20 : 0.0512    ndcg@20 : 0.0262    hit@20 : 0.0828    mrr@20 : 0.0259
Tue 25 Mar 2025 11:05:51 INFO  Saving current: saved/EMCDR-Mar-25-2025_10-57-13.pth
Tue 25 Mar 2025 11:05:52 INFO  epoch 2 training [time: 0.28s, train loss: 30.7527]
Tue 25 Mar 2025 11:06:22 INFO  epoch 2 evaluating [time: 29.78s, valid_score: 0.101200]
Tue 25 Mar 2025 11:06:22 INFO  valid result: 
recall@20 : 0.1012    ndcg@20 : 0.0508    hit@20 : 0.1527    mrr@20 : 0.0463
Tue 25 Mar 2025 11:06:22 INFO  Saving current: saved/EMCDR-Mar-25-2025_10-57-13.pth
Tue 25 Mar 2025 11:06:22 INFO  epoch 3 training [time: 0.24s, train loss: 25.3361]
Tue 25 Mar 2025 11:06:49 INFO  epoch 3 evaluating [time: 27.12s, valid_score: 0.115000]
Tue 25 Mar 2025 11:06:49 INFO  valid result: 
recall@20 : 0.115    ndcg@20 : 0.0564    hit@20 : 0.1693    mrr@20 : 0.0506
Tue 25 Mar 2025 11:06:49 INFO  Saving current: saved/EMCDR-Mar-25-2025_10-57-13.pth
Tue 25 Mar 2025 11:06:49 INFO  epoch 4 training [time: 0.27s, train loss: 17.4602]
Tue 25 Mar 2025 11:07:28 INFO  epoch 4 evaluating [time: 38.69s, valid_score: 0.123600]
Tue 25 Mar 2025 11:07:28 INFO  valid result: 
recall@20 : 0.1236    ndcg@20 : 0.0609    hit@20 : 0.1805    mrr@20 : 0.0546
Tue 25 Mar 2025 11:07:28 INFO  Saving current: saved/EMCDR-Mar-25-2025_10-57-13.pth
Tue 25 Mar 2025 11:07:28 INFO  epoch 5 training [time: 0.28s, train loss: 11.7203]
Tue 25 Mar 2025 11:07:55 INFO  epoch 5 evaluating [time: 27.03s, valid_score: 0.132100]
Tue 25 Mar 2025 11:07:55 INFO  valid result: 
recall@20 : 0.1321    ndcg@20 : 0.0653    hit@20 : 0.1919    mrr@20 : 0.0582
Tue 25 Mar 2025 11:07:55 INFO  Saving current: saved/EMCDR-Mar-25-2025_10-57-13.pth
Tue 25 Mar 2025 11:07:56 INFO  epoch 6 training [time: 0.27s, train loss: 8.7511]
Tue 25 Mar 2025 11:08:34 INFO  epoch 6 evaluating [time: 37.88s, valid_score: 0.136200]
Tue 25 Mar 2025 11:08:34 INFO  valid result: 
recall@20 : 0.1362    ndcg@20 : 0.0668    hit@20 : 0.1976    mrr@20 : 0.0584
Tue 25 Mar 2025 11:08:34 INFO  Saving current: saved/EMCDR-Mar-25-2025_10-57-13.pth
Tue 25 Mar 2025 11:08:34 INFO  epoch 7 training [time: 0.33s, train loss: 7.1510]
Tue 25 Mar 2025 11:09:04 INFO  epoch 7 evaluating [time: 30.08s, valid_score: 0.138700]
Tue 25 Mar 2025 11:09:04 INFO  valid result: 
recall@20 : 0.1387    ndcg@20 : 0.0674    hit@20 : 0.202    mrr@20 : 0.0579
Tue 25 Mar 2025 11:09:04 INFO  Saving current: saved/EMCDR-Mar-25-2025_10-57-13.pth
Tue 25 Mar 2025 11:09:04 INFO  epoch 8 training [time: 0.28s, train loss: 6.0977]
Tue 25 Mar 2025 11:09:42 INFO  epoch 8 evaluating [time: 37.93s, valid_score: 0.139500]
Tue 25 Mar 2025 11:09:42 INFO  valid result: 
recall@20 : 0.1395    ndcg@20 : 0.0677    hit@20 : 0.2032    mrr@20 : 0.0582
Tue 25 Mar 2025 11:09:42 INFO  Saving current: saved/EMCDR-Mar-25-2025_10-57-13.pth
Tue 25 Mar 2025 11:09:43 INFO  epoch 9 training [time: 0.26s, train loss: 5.3290]
Tue 25 Mar 2025 11:10:13 INFO  epoch 9 evaluating [time: 30.04s, valid_score: 0.141000]
Tue 25 Mar 2025 11:10:13 INFO  valid result: 
recall@20 : 0.141    ndcg@20 : 0.0674    hit@20 : 0.2051    mrr@20 : 0.0579
Tue 25 Mar 2025 11:10:13 INFO  Saving current: saved/EMCDR-Mar-25-2025_10-57-13.pth
Tue 25 Mar 2025 11:10:13 INFO  epoch 10 training [time: 0.24s, train loss: 4.7242]
Tue 25 Mar 2025 11:10:48 INFO  epoch 10 evaluating [time: 35.07s, valid_score: 0.142700]
Tue 25 Mar 2025 11:10:48 INFO  valid result: 
recall@20 : 0.1427    ndcg@20 : 0.0676    hit@20 : 0.2072    mrr@20 : 0.0572
Tue 25 Mar 2025 11:10:48 INFO  Saving current: saved/EMCDR-Mar-25-2025_10-57-13.pth
Tue 25 Mar 2025 11:10:48 INFO  epoch 11 training [time: 0.33s, train loss: 4.2242]
Tue 25 Mar 2025 11:11:26 INFO  epoch 11 evaluating [time: 37.42s, valid_score: 0.142200]
Tue 25 Mar 2025 11:11:26 INFO  valid result: 
recall@20 : 0.1422    ndcg@20 : 0.0678    hit@20 : 0.2063    mrr@20 : 0.0581
Tue 25 Mar 2025 11:11:26 INFO  epoch 12 training [time: 0.28s, train loss: 3.8509]
Tue 25 Mar 2025 11:11:57 INFO  epoch 12 evaluating [time: 31.16s, valid_score: 0.142100]
Tue 25 Mar 2025 11:11:57 INFO  valid result: 
recall@20 : 0.1421    ndcg@20 : 0.0674    hit@20 : 0.2065    mrr@20 : 0.0575
Tue 25 Mar 2025 11:11:58 INFO  epoch 13 training [time: 0.30s, train loss: 3.5591]
Tue 25 Mar 2025 11:12:25 INFO  epoch 13 evaluating [time: 27.97s, valid_score: 0.140600]
Tue 25 Mar 2025 11:12:25 INFO  valid result: 
recall@20 : 0.1406    ndcg@20 : 0.0668    hit@20 : 0.2046    mrr@20 : 0.057
Tue 25 Mar 2025 11:12:26 INFO  epoch 14 training [time: 0.24s, train loss: 3.2864]
Tue 25 Mar 2025 11:12:58 INFO  epoch 14 evaluating [time: 32.06s, valid_score: 0.141000]
Tue 25 Mar 2025 11:12:58 INFO  valid result: 
recall@20 : 0.141    ndcg@20 : 0.0666    hit@20 : 0.2044    mrr@20 : 0.0568
Tue 25 Mar 2025 11:12:58 INFO  epoch 15 training [time: 0.26s, train loss: 3.0482]
Tue 25 Mar 2025 11:13:35 INFO  epoch 15 evaluating [time: 36.94s, valid_score: 0.141100]
Tue 25 Mar 2025 11:13:35 INFO  valid result: 
recall@20 : 0.1411    ndcg@20 : 0.0668    hit@20 : 0.2052    mrr@20 : 0.0571
Tue 25 Mar 2025 11:13:35 INFO  epoch 16 training [time: 0.30s, train loss: 2.8478]
Tue 25 Mar 2025 11:14:02 INFO  epoch 16 evaluating [time: 26.34s, valid_score: 0.141400]
Tue 25 Mar 2025 11:14:02 INFO  valid result: 
recall@20 : 0.1414    ndcg@20 : 0.0669    hit@20 : 0.2055    mrr@20 : 0.057
Tue 25 Mar 2025 11:14:02 INFO  epoch 17 training [time: 0.25s, train loss: 2.6824]
Tue 25 Mar 2025 11:14:40 INFO  epoch 17 evaluating [time: 37.92s, valid_score: 0.140300]
Tue 25 Mar 2025 11:14:40 INFO  valid result: 
recall@20 : 0.1403    ndcg@20 : 0.0666    hit@20 : 0.2036    mrr@20 : 0.0572
Tue 25 Mar 2025 11:14:40 INFO  epoch 18 training [time: 0.29s, train loss: 2.5652]
Tue 25 Mar 2025 11:15:16 INFO  epoch 18 evaluating [time: 36.16s, valid_score: 0.140800]
Tue 25 Mar 2025 11:15:16 INFO  valid result: 
recall@20 : 0.1408    ndcg@20 : 0.0664    hit@20 : 0.2051    mrr@20 : 0.0566
Tue 25 Mar 2025 11:15:17 INFO  epoch 19 training [time: 0.31s, train loss: 2.4451]
Tue 25 Mar 2025 11:15:41 INFO  epoch 19 evaluating [time: 24.86s, valid_score: 0.139700]
Tue 25 Mar 2025 11:15:41 INFO  valid result: 
recall@20 : 0.1397    ndcg@20 : 0.0661    hit@20 : 0.2033    mrr@20 : 0.0563
Tue 25 Mar 2025 11:15:42 INFO  epoch 20 training [time: 0.30s, train loss: 2.3465]
Tue 25 Mar 2025 11:16:09 INFO  epoch 20 evaluating [time: 27.73s, valid_score: 0.139400]
Tue 25 Mar 2025 11:16:09 INFO  valid result: 
recall@20 : 0.1394    ndcg@20 : 0.0661    hit@20 : 0.2022    mrr@20 : 0.0565
Tue 25 Mar 2025 11:16:10 INFO  epoch 21 training [time: 0.35s, train loss: 2.2765]
Tue 25 Mar 2025 11:16:42 INFO  epoch 21 evaluating [time: 32.37s, valid_score: 0.137100]
Tue 25 Mar 2025 11:16:42 INFO  valid result: 
recall@20 : 0.1371    ndcg@20 : 0.0651    hit@20 : 0.2001    mrr@20 : 0.0555
Tue 25 Mar 2025 11:16:42 INFO  Finished training, best eval result in epoch 10
Tue 25 Mar 2025 11:16:42 INFO  Start training with OVERLAP mode
Tue 25 Mar 2025 11:16:42 INFO  epoch 0 training [time: 0.03s, train loss: 0.2871]
Tue 25 Mar 2025 11:17:22 INFO  epoch 0 evaluating [time: 40.02s, valid_score: 0.133700]
Tue 25 Mar 2025 11:17:22 INFO  valid result: 
recall@20 : 0.1337    ndcg@20 : 0.0625    hit@20 : 0.1913    mrr@20 : 0.0519
Tue 25 Mar 2025 11:17:22 INFO  Saving current: saved/EMCDR-Mar-25-2025_10-57-13.pth
Tue 25 Mar 2025 11:17:22 INFO  epoch 1 training [time: 0.03s, train loss: 0.2232]
Tue 25 Mar 2025 11:17:46 INFO  epoch 1 evaluating [time: 23.52s, valid_score: 0.134700]
Tue 25 Mar 2025 11:17:46 INFO  valid result: 
recall@20 : 0.1347    ndcg@20 : 0.063    hit@20 : 0.1934    mrr@20 : 0.0525
Tue 25 Mar 2025 11:17:46 INFO  Saving current: saved/EMCDR-Mar-25-2025_10-57-13.pth
Tue 25 Mar 2025 11:17:46 INFO  epoch 2 training [time: 0.03s, train loss: 0.1869]
Tue 25 Mar 2025 11:18:13 INFO  epoch 2 evaluating [time: 26.69s, valid_score: 0.135200]
Tue 25 Mar 2025 11:18:13 INFO  valid result: 
recall@20 : 0.1352    ndcg@20 : 0.0634    hit@20 : 0.1949    mrr@20 : 0.053
Tue 25 Mar 2025 11:18:13 INFO  Saving current: saved/EMCDR-Mar-25-2025_10-57-13.pth
Tue 25 Mar 2025 11:18:13 INFO  epoch 3 training [time: 0.04s, train loss: 0.1639]
Tue 25 Mar 2025 11:18:45 INFO  epoch 3 evaluating [time: 32.50s, valid_score: 0.135600]
Tue 25 Mar 2025 11:18:45 INFO  valid result: 
recall@20 : 0.1356    ndcg@20 : 0.0636    hit@20 : 0.1952    mrr@20 : 0.0533
Tue 25 Mar 2025 11:18:45 INFO  Saving current: saved/EMCDR-Mar-25-2025_10-57-13.pth
Tue 25 Mar 2025 11:18:45 INFO  epoch 4 training [time: 0.03s, train loss: 0.1480]
Tue 25 Mar 2025 11:19:13 INFO  epoch 4 evaluating [time: 27.93s, valid_score: 0.136000]
Tue 25 Mar 2025 11:19:13 INFO  valid result: 
recall@20 : 0.136    ndcg@20 : 0.0638    hit@20 : 0.1961    mrr@20 : 0.0535
Tue 25 Mar 2025 11:19:13 INFO  Saving current: saved/EMCDR-Mar-25-2025_10-57-13.pth
Tue 25 Mar 2025 11:19:13 INFO  epoch 5 training [time: 0.04s, train loss: 0.1363]
Tue 25 Mar 2025 11:19:40 INFO  epoch 5 evaluating [time: 26.50s, valid_score: 0.136300]
Tue 25 Mar 2025 11:19:40 INFO  valid result: 
recall@20 : 0.1363    ndcg@20 : 0.0639    hit@20 : 0.1971    mrr@20 : 0.0536
Tue 25 Mar 2025 11:19:40 INFO  Saving current: saved/EMCDR-Mar-25-2025_10-57-13.pth
Tue 25 Mar 2025 11:19:40 INFO  epoch 6 training [time: 0.03s, train loss: 0.1271]
Tue 25 Mar 2025 11:20:03 INFO  epoch 6 evaluating [time: 23.21s, valid_score: 0.136000]
Tue 25 Mar 2025 11:20:03 INFO  valid result: 
recall@20 : 0.136    ndcg@20 : 0.0638    hit@20 : 0.1969    mrr@20 : 0.0536
Tue 25 Mar 2025 11:20:03 INFO  epoch 7 training [time: 0.04s, train loss: 0.1190]
Tue 25 Mar 2025 11:20:31 INFO  epoch 7 evaluating [time: 27.89s, valid_score: 0.135900]
Tue 25 Mar 2025 11:20:31 INFO  valid result: 
recall@20 : 0.1359    ndcg@20 : 0.0638    hit@20 : 0.1966    mrr@20 : 0.0536
Tue 25 Mar 2025 11:20:31 INFO  epoch 8 training [time: 0.03s, train loss: 0.1118]
Tue 25 Mar 2025 11:20:53 INFO  epoch 8 evaluating [time: 22.22s, valid_score: 0.136200]
Tue 25 Mar 2025 11:20:53 INFO  valid result: 
recall@20 : 0.1362    ndcg@20 : 0.064    hit@20 : 0.1972    mrr@20 : 0.0539
Tue 25 Mar 2025 11:20:53 INFO  epoch 9 training [time: 0.03s, train loss: 0.1055]
Tue 25 Mar 2025 11:21:29 INFO  epoch 9 evaluating [time: 35.76s, valid_score: 0.136300]
Tue 25 Mar 2025 11:21:29 INFO  valid result: 
recall@20 : 0.1363    ndcg@20 : 0.064    hit@20 : 0.1973    mrr@20 : 0.0539
Tue 25 Mar 2025 11:21:29 INFO  Saving current: saved/EMCDR-Mar-25-2025_10-57-13.pth
Tue 25 Mar 2025 11:21:29 INFO  epoch 10 training [time: 0.03s, train loss: 0.0999]
Tue 25 Mar 2025 11:22:09 INFO  epoch 10 evaluating [time: 39.59s, valid_score: 0.136100]
Tue 25 Mar 2025 11:22:09 INFO  valid result: 
recall@20 : 0.1361    ndcg@20 : 0.0639    hit@20 : 0.1972    mrr@20 : 0.0538
Tue 25 Mar 2025 11:22:09 INFO  epoch 11 training [time: 0.04s, train loss: 0.0948]
Tue 25 Mar 2025 11:22:43 INFO  epoch 11 evaluating [time: 34.44s, valid_score: 0.136600]
Tue 25 Mar 2025 11:22:43 INFO  valid result: 
recall@20 : 0.1366    ndcg@20 : 0.0641    hit@20 : 0.1979    mrr@20 : 0.0539
Tue 25 Mar 2025 11:22:43 INFO  Saving current: saved/EMCDR-Mar-25-2025_10-57-13.pth
Tue 25 Mar 2025 11:22:43 INFO  epoch 12 training [time: 0.03s, train loss: 0.0903]
Tue 25 Mar 2025 11:23:13 INFO  epoch 12 evaluating [time: 29.53s, valid_score: 0.136100]
Tue 25 Mar 2025 11:23:13 INFO  valid result: 
recall@20 : 0.1361    ndcg@20 : 0.064    hit@20 : 0.1972    mrr@20 : 0.0538
Tue 25 Mar 2025 11:23:13 INFO  epoch 13 training [time: 0.04s, train loss: 0.0856]
Tue 25 Mar 2025 11:23:40 INFO  epoch 13 evaluating [time: 27.01s, valid_score: 0.136300]
Tue 25 Mar 2025 11:23:40 INFO  valid result: 
recall@20 : 0.1363    ndcg@20 : 0.0641    hit@20 : 0.1976    mrr@20 : 0.054
Tue 25 Mar 2025 11:23:40 INFO  epoch 14 training [time: 0.03s, train loss: 0.0811]
Tue 25 Mar 2025 11:24:09 INFO  epoch 14 evaluating [time: 29.35s, valid_score: 0.136500]
Tue 25 Mar 2025 11:24:09 INFO  valid result: 
recall@20 : 0.1365    ndcg@20 : 0.0642    hit@20 : 0.1977    mrr@20 : 0.0541
Tue 25 Mar 2025 11:24:09 INFO  epoch 15 training [time: 0.03s, train loss: 0.0767]
Tue 25 Mar 2025 11:24:42 INFO  epoch 15 evaluating [time: 32.28s, valid_score: 0.136400]
Tue 25 Mar 2025 11:24:42 INFO  valid result: 
recall@20 : 0.1364    ndcg@20 : 0.0642    hit@20 : 0.1977    mrr@20 : 0.0544
Tue 25 Mar 2025 11:24:42 INFO  epoch 16 training [time: 0.04s, train loss: 0.0731]
Tue 25 Mar 2025 11:25:17 INFO  epoch 16 evaluating [time: 35.79s, valid_score: 0.136500]
Tue 25 Mar 2025 11:25:17 INFO  valid result: 
recall@20 : 0.1365    ndcg@20 : 0.0642    hit@20 : 0.198    mrr@20 : 0.0543
Tue 25 Mar 2025 11:25:17 INFO  epoch 17 training [time: 0.03s, train loss: 0.0694]
Tue 25 Mar 2025 11:25:41 INFO  epoch 17 evaluating [time: 23.25s, valid_score: 0.136500]
Tue 25 Mar 2025 11:25:41 INFO  valid result: 
recall@20 : 0.1365    ndcg@20 : 0.0643    hit@20 : 0.1981    mrr@20 : 0.0545
Tue 25 Mar 2025 11:25:41 INFO  epoch 18 training [time: 0.03s, train loss: 0.0655]
Tue 25 Mar 2025 11:26:10 INFO  epoch 18 evaluating [time: 28.75s, valid_score: 0.136700]
Tue 25 Mar 2025 11:26:10 INFO  valid result: 
recall@20 : 0.1367    ndcg@20 : 0.0644    hit@20 : 0.1984    mrr@20 : 0.0546
Tue 25 Mar 2025 11:26:10 INFO  Saving current: saved/EMCDR-Mar-25-2025_10-57-13.pth
Tue 25 Mar 2025 11:26:10 INFO  epoch 19 training [time: 0.04s, train loss: 0.0625]
Tue 25 Mar 2025 11:26:44 INFO  epoch 19 evaluating [time: 34.83s, valid_score: 0.136700]
Tue 25 Mar 2025 11:26:44 INFO  valid result: 
recall@20 : 0.1367    ndcg@20 : 0.0644    hit@20 : 0.1982    mrr@20 : 0.0546
Tue 25 Mar 2025 11:26:45 INFO  Saving current: saved/EMCDR-Mar-25-2025_10-57-13.pth
Tue 25 Mar 2025 11:26:45 INFO  epoch 20 training [time: 0.03s, train loss: 0.0589]
Tue 25 Mar 2025 11:27:21 INFO  epoch 20 evaluating [time: 36.24s, valid_score: 0.136800]
Tue 25 Mar 2025 11:27:21 INFO  valid result: 
recall@20 : 0.1368    ndcg@20 : 0.0645    hit@20 : 0.1986    mrr@20 : 0.0548
Tue 25 Mar 2025 11:27:21 INFO  Saving current: saved/EMCDR-Mar-25-2025_10-57-13.pth
Tue 25 Mar 2025 11:27:21 INFO  epoch 21 training [time: 0.03s, train loss: 0.0562]
Tue 25 Mar 2025 11:27:47 INFO  epoch 21 evaluating [time: 25.83s, valid_score: 0.136600]
Tue 25 Mar 2025 11:27:47 INFO  valid result: 
recall@20 : 0.1366    ndcg@20 : 0.0644    hit@20 : 0.1983    mrr@20 : 0.0548
Tue 25 Mar 2025 11:27:47 INFO  epoch 22 training [time: 0.03s, train loss: 0.0534]
Tue 25 Mar 2025 11:28:18 INFO  epoch 22 evaluating [time: 31.19s, valid_score: 0.136800]
Tue 25 Mar 2025 11:28:18 INFO  valid result: 
recall@20 : 0.1368    ndcg@20 : 0.0645    hit@20 : 0.1989    mrr@20 : 0.0548
Tue 25 Mar 2025 11:28:18 INFO  Saving current: saved/EMCDR-Mar-25-2025_10-57-13.pth
Tue 25 Mar 2025 11:28:18 INFO  epoch 23 training [time: 0.03s, train loss: 0.0502]
Tue 25 Mar 2025 11:28:45 INFO  epoch 23 evaluating [time: 27.39s, valid_score: 0.136700]
Tue 25 Mar 2025 11:28:45 INFO  valid result: 
recall@20 : 0.1367    ndcg@20 : 0.0644    hit@20 : 0.1985    mrr@20 : 0.0548
Tue 25 Mar 2025 11:28:45 INFO  epoch 24 training [time: 0.03s, train loss: 0.0478]
Tue 25 Mar 2025 11:29:17 INFO  epoch 24 evaluating [time: 31.21s, valid_score: 0.136900]
Tue 25 Mar 2025 11:29:17 INFO  valid result: 
recall@20 : 0.1369    ndcg@20 : 0.0645    hit@20 : 0.1993    mrr@20 : 0.0548
Tue 25 Mar 2025 11:29:17 INFO  Saving current: saved/EMCDR-Mar-25-2025_10-57-13.pth
Tue 25 Mar 2025 11:29:17 INFO  epoch 25 training [time: 0.03s, train loss: 0.0456]
Tue 25 Mar 2025 11:29:55 INFO  epoch 25 evaluating [time: 38.50s, valid_score: 0.136900]
Tue 25 Mar 2025 11:29:55 INFO  valid result: 
recall@20 : 0.1369    ndcg@20 : 0.0645    hit@20 : 0.199    mrr@20 : 0.0548
Tue 25 Mar 2025 11:29:55 INFO  Saving current: saved/EMCDR-Mar-25-2025_10-57-13.pth
Tue 25 Mar 2025 11:29:55 INFO  epoch 26 training [time: 0.03s, train loss: 0.0433]
Tue 25 Mar 2025 11:30:26 INFO  epoch 26 evaluating [time: 30.96s, valid_score: 0.136700]
Tue 25 Mar 2025 11:30:26 INFO  valid result: 
recall@20 : 0.1367    ndcg@20 : 0.0645    hit@20 : 0.1988    mrr@20 : 0.0549
Tue 25 Mar 2025 11:30:26 INFO  epoch 27 training [time: 0.04s, train loss: 0.0410]
Tue 25 Mar 2025 11:31:00 INFO  epoch 27 evaluating [time: 33.57s, valid_score: 0.136900]
Tue 25 Mar 2025 11:31:00 INFO  valid result: 
recall@20 : 0.1369    ndcg@20 : 0.0646    hit@20 : 0.1996    mrr@20 : 0.055
Tue 25 Mar 2025 11:31:00 INFO  Saving current: saved/EMCDR-Mar-25-2025_10-57-13.pth
Tue 25 Mar 2025 11:31:00 INFO  epoch 28 training [time: 0.03s, train loss: 0.0388]
Tue 25 Mar 2025 11:31:35 INFO  epoch 28 evaluating [time: 35.15s, valid_score: 0.137300]
Tue 25 Mar 2025 11:31:35 INFO  valid result: 
recall@20 : 0.1373    ndcg@20 : 0.0647    hit@20 : 0.2001    mrr@20 : 0.0551
Tue 25 Mar 2025 11:31:35 INFO  Saving current: saved/EMCDR-Mar-25-2025_10-57-13.pth
Tue 25 Mar 2025 11:31:35 INFO  epoch 29 training [time: 0.03s, train loss: 0.0372]
Tue 25 Mar 2025 11:32:10 INFO  epoch 29 evaluating [time: 34.46s, valid_score: 0.136900]
Tue 25 Mar 2025 11:32:10 INFO  valid result: 
recall@20 : 0.1369    ndcg@20 : 0.0646    hit@20 : 0.1998    mrr@20 : 0.055
Tue 25 Mar 2025 11:32:10 INFO  Loading model structure and parameters from saved/EMCDR-Mar-25-2025_10-57-13.pth
Tue 25 Mar 2025 11:32:49 INFO  best valid : OrderedDict([('recall@20', 0.1373), ('ndcg@20', 0.0647), ('hit@20', 0.2001), ('mrr@20', 0.0551)])
Tue 25 Mar 2025 11:32:49 INFO  test result: OrderedDict([('recall@20', 0.1389), ('ndcg@20', 0.0684), ('hit@20', 0.2018), ('mrr@20', 0.0596)])
